2025-07-02 15:16:29,909 - Config - INFO - Configuration validated successfully
2025-07-02 15:16:29,934 - TradingEngine - INFO - Initializing trading engine
2025-07-02 15:16:29,948 - TradingEngine - INFO - Connected to existing MT5 terminal
2025-07-02 15:16:29,949 - TradingEngine - INFO - Starting trading engine...
2025-07-02 15:16:30,008 - TradingEngine - INFO - New trading day: 2025-07-02
2025-07-02 15:16:30,008 - Config - WARNING - No data for XAUUSD TF:5
2025-07-02 15:16:30,008 - Config - WARNING - No data for XAUUSD TF:15
2025-07-02 15:16:30,008 - Config - WARNING - No data for XAUUSD TF:30
2025-07-02 15:16:30,008 - Config - WARNING - No data for BTCUSD TF:5
2025-07-02 15:16:30,008 - Config - WARNING - No data for BTCUSD TF:15
2025-07-02 15:16:30,008 - Config - WARNING - No data for BTCUSD TF:30
2025-07-02 15:16:30,008 - Config - WARNING - No data for US30 TF:5
2025-07-02 15:16:30,008 - Config - WARNING - No data for US30 TF:15
2025-07-02 15:16:30,008 - Config - WARNING - No data for US30 TF:30
2025-07-02 15:16:30,008 - Config - WARNING - No data for USDJPY TF:5
2025-07-02 15:16:30,008 - Config - WARNING - No data for USDJPY TF:15
2025-07-02 15:16:30,016 - Config - WARNING - No data for USDJPY TF:30
2025-07-02 15:16:30,016 - Config - WARNING - No data for GBPJPY TF:5
2025-07-02 15:16:30,017 - Config - WARNING - No data for GBPJPY TF:15
2025-07-02 15:16:30,017 - Config - WARNING - No data for GBPJPY TF:30
2025-07-02 15:16:30,017 - Config - WARNING - No data for EURGBP TF:5
2025-07-02 15:16:30,017 - Config - WARNING - No data for EURGBP TF:15
2025-07-02 15:16:30,017 - Config - WARNING - No data for EURGBP TF:30
2025-07-02 15:16:30,017 - Config - WARNING - No data for ETHUSD TF:5
2025-07-02 15:16:30,018 - Config - WARNING - No data for ETHUSD TF:15
2025-07-02 15:16:30,018 - Config - WARNING - No data for ETHUSD TF:30
2025-07-02 15:16:30,018 - Config - WARNING - No data for USOIL TF:5
2025-07-02 15:16:30,019 - Config - WARNING - No data for USOIL TF:15
2025-07-02 15:16:30,019 - Config - WARNING - No data for USOIL TF:30
2025-07-02 15:16:30,019 - Config - WARNING - No data for AUDJPY TF:5
2025-07-02 15:16:30,019 - Config - WARNING - No data for AUDJPY TF:15
2025-07-02 15:16:30,020 - Config - WARNING - No data for AUDJPY TF:30
2025-07-02 15:16:30,020 - Config - WARNING - No data for XAGUSD TF:5
2025-07-02 15:16:30,020 - Config - WARNING - No data for XAGUSD TF:15
2025-07-02 15:16:30,020 - Config - WARNING - No data for XAGUSD TF:30
2025-07-02 15:16:30,021 - Config - WARNING - No data for EURUSD TF:5
2025-07-02 15:16:30,021 - Config - WARNING - No data for EURUSD TF:15
2025-07-02 15:16:30,021 - Config - WARNING - No data for EURUSD TF:30
2025-07-02 15:16:30,022 - Config - WARNING - No data for GBPUSD TF:5
2025-07-02 15:16:30,022 - Config - WARNING - No data for GBPUSD TF:15
2025-07-02 15:16:30,022 - Config - WARNING - No data for GBPUSD TF:30
2025-07-02 15:16:34,951 - Config - WARNING - No data for XAUUSD TF:5
2025-07-02 15:16:34,952 - Config - WARNING - No data for XAUUSD TF:15
2025-07-02 15:16:34,953 - Config - WARNING - No data for XAUUSD TF:30
2025-07-02 15:16:34,953 - Config - WARNING - No data for BTCUSD TF:5
2025-07-02 15:16:34,954 - Config - WARNING - No data for BTCUSD TF:15
2025-07-02 15:16:34,954 - Config - WARNING - No data for BTCUSD TF:30
2025-07-02 15:16:34,955 - Config - WARNING - No data for US30 TF:5
2025-07-02 15:16:34,955 - Config - WARNING - No data for US30 TF:15
2025-07-02 15:16:34,956 - Config - WARNING - No data for US30 TF:30
2025-07-02 15:16:34,957 - Config - WARNING - No data for USDJPY TF:5
2025-07-02 15:16:34,957 - Config - WARNING - No data for USDJPY TF:15
2025-07-02 15:16:34,957 - Config - WARNING - No data for USDJPY TF:30
2025-07-02 15:16:34,957 - Config - WARNING - No data for GBPJPY TF:5
2025-07-02 15:16:34,957 - Config - WARNING - No data for GBPJPY TF:15
2025-07-02 15:16:34,959 - Config - WARNING - No data for GBPJPY TF:30
2025-07-02 15:16:34,959 - Config - WARNING - No data for EURGBP TF:5
2025-07-02 15:16:34,959 - Config - WARNING - No data for EURGBP TF:15
2025-07-02 15:16:34,960 - Config - WARNING - No data for EURGBP TF:30
2025-07-02 15:16:34,960 - Config - WARNING - No data for ETHUSD TF:5
2025-07-02 15:16:34,960 - Config - WARNING - No data for ETHUSD TF:15
2025-07-02 15:16:34,961 - Config - WARNING - No data for ETHUSD TF:30
2025-07-02 15:16:34,961 - Config - WARNING - No data for USOIL TF:5
2025-07-02 15:16:34,961 - Config - WARNING - No data for USOIL TF:15
2025-07-02 15:16:34,961 - Config - WARNING - No data for USOIL TF:30
2025-07-02 15:16:34,962 - Config - WARNING - No data for AUDJPY TF:5
2025-07-02 15:16:34,962 - Config - WARNING - No data for AUDJPY TF:15
2025-07-02 15:16:34,962 - Config - WARNING - No data for AUDJPY TF:30
2025-07-02 15:16:34,962 - Config - WARNING - No data for XAGUSD TF:5
2025-07-02 15:16:34,963 - Config - WARNING - No data for XAGUSD TF:15
2025-07-02 15:16:34,963 - Config - WARNING - No data for XAGUSD TF:30
2025-07-02 15:16:34,963 - Config - WARNING - No data for EURUSD TF:5
2025-07-02 15:16:34,963 - Config - WARNING - No data for EURUSD TF:15
2025-07-02 15:16:34,963 - Config - WARNING - No data for EURUSD TF:30
2025-07-02 15:16:34,963 - Config - WARNING - No data for GBPUSD TF:5
2025-07-02 15:16:34,964 - Config - WARNING - No data for GBPUSD TF:15
2025-07-02 15:16:34,964 - Config - WARNING - No data for GBPUSD TF:30
2025-07-02 15:16:39,995 - Config - WARNING - No data for XAUUSD TF:5
2025-07-02 15:16:39,995 - Config - WARNING - No data for XAUUSD TF:15
2025-07-02 15:16:39,995 - Config - WARNING - No data for XAUUSD TF:30
2025-07-02 15:16:39,995 - Config - WARNING - No data for BTCUSD TF:5
2025-07-02 15:16:39,995 - Config - WARNING - No data for BTCUSD TF:15
2025-07-02 15:16:39,995 - Config - WARNING - No data for BTCUSD TF:30
2025-07-02 15:16:39,995 - Config - WARNING - No data for US30 TF:5
2025-07-02 15:16:39,995 - Config - WARNING - No data for US30 TF:15
2025-07-02 15:16:39,995 - Config - WARNING - No data for US30 TF:30
2025-07-02 15:16:39,995 - Config - WARNING - No data for USDJPY TF:5
2025-07-02 15:16:39,995 - Config - WARNING - No data for USDJPY TF:15
2025-07-02 15:16:39,995 - Config - WARNING - No data for USDJPY TF:30
2025-07-02 15:16:39,995 - Config - WARNING - No data for GBPJPY TF:5
2025-07-02 15:16:39,995 - Config - WARNING - No data for GBPJPY TF:15
2025-07-02 15:16:39,995 - Config - WARNING - No data for GBPJPY TF:30
2025-07-02 15:16:39,995 - Config - WARNING - No data for EURGBP TF:5
2025-07-02 15:16:40,002 - Config - WARNING - No data for EURGBP TF:15
2025-07-02 15:16:40,002 - Config - WARNING - No data for EURGBP TF:30
2025-07-02 15:16:40,002 - Config - WARNING - No data for ETHUSD TF:5
2025-07-02 15:16:40,003 - Config - WARNING - No data for ETHUSD TF:15
2025-07-02 15:16:40,003 - Config - WARNING - No data for ETHUSD TF:30
2025-07-02 15:16:40,003 - Config - WARNING - No data for USOIL TF:5
2025-07-02 15:16:40,004 - Config - WARNING - No data for USOIL TF:15
2025-07-02 15:16:40,004 - Config - WARNING - No data for USOIL TF:30
2025-07-02 15:16:40,004 - Config - WARNING - No data for AUDJPY TF:5
2025-07-02 15:16:40,004 - Config - WARNING - No data for AUDJPY TF:15
2025-07-02 15:16:40,005 - Config - WARNING - No data for AUDJPY TF:30
2025-07-02 15:16:40,005 - Config - WARNING - No data for XAGUSD TF:5
2025-07-02 15:16:40,005 - Config - WARNING - No data for XAGUSD TF:15
2025-07-02 15:16:40,005 - Config - WARNING - No data for XAGUSD TF:30
2025-07-02 15:16:40,006 - Config - WARNING - No data for EURUSD TF:5
2025-07-02 15:16:40,006 - Config - WARNING - No data for EURUSD TF:15
2025-07-02 15:16:40,006 - Config - WARNING - No data for EURUSD TF:30
2025-07-02 15:16:40,007 - Config - WARNING - No data for GBPUSD TF:5
2025-07-02 15:16:40,007 - Config - WARNING - No data for GBPUSD TF:15
2025-07-02 15:16:40,008 - Config - WARNING - No data for GBPUSD TF:30
2025-07-02 15:16:45,037 - Config - WARNING - No data for XAUUSD TF:5
2025-07-02 15:16:45,037 - Config - WARNING - No data for XAUUSD TF:15
2025-07-02 15:16:45,037 - Config - WARNING - No data for XAUUSD TF:30
2025-07-02 15:16:45,046 - Config - WARNING - No data for BTCUSD TF:5
2025-07-02 15:16:45,046 - Config - WARNING - No data for BTCUSD TF:15
2025-07-02 15:16:45,046 - Config - WARNING - No data for BTCUSD TF:30
2025-07-02 15:16:45,051 - Config - WARNING - No data for US30 TF:5
2025-07-02 15:16:45,052 - Config - WARNING - No data for US30 TF:15
2025-07-02 15:16:45,053 - Config - WARNING - No data for US30 TF:30
2025-07-02 15:16:45,053 - Config - WARNING - No data for USDJPY TF:5
2025-07-02 15:16:45,053 - Config - WARNING - No data for USDJPY TF:15
2025-07-02 15:16:45,055 - Config - WARNING - No data for USDJPY TF:30
2025-07-02 15:16:45,055 - Config - WARNING - No data for GBPJPY TF:5
2025-07-02 15:16:45,056 - Config - WARNING - No data for GBPJPY TF:15
2025-07-02 15:16:45,056 - Config - WARNING - No data for GBPJPY TF:30
2025-07-02 15:16:45,057 - Config - WARNING - No data for EURGBP TF:5
2025-07-02 15:16:45,057 - Config - WARNING - No data for EURGBP TF:15
2025-07-02 15:16:45,057 - Config - WARNING - No data for EURGBP TF:30
2025-07-02 15:16:45,058 - Config - WARNING - No data for ETHUSD TF:5
2025-07-02 15:16:45,058 - Config - WARNING - No data for ETHUSD TF:15
2025-07-02 15:16:45,059 - Config - WARNING - No data for ETHUSD TF:30
2025-07-02 15:16:45,060 - Config - WARNING - No data for USOIL TF:5
2025-07-02 15:16:45,061 - Config - WARNING - No data for USOIL TF:15
2025-07-02 15:16:45,061 - Config - WARNING - No data for USOIL TF:30
2025-07-02 15:16:45,062 - Config - WARNING - No data for AUDJPY TF:5
2025-07-02 15:16:45,062 - Config - WARNING - No data for AUDJPY TF:15
2025-07-02 15:16:45,062 - Config - WARNING - No data for AUDJPY TF:30
2025-07-02 15:16:45,064 - Config - WARNING - No data for XAGUSD TF:5
2025-07-02 15:16:45,064 - Config - WARNING - No data for XAGUSD TF:15
2025-07-02 15:16:45,065 - Config - WARNING - No data for XAGUSD TF:30
2025-07-02 15:16:45,066 - Config - WARNING - No data for EURUSD TF:5
2025-07-02 15:16:45,066 - Config - WARNING - No data for EURUSD TF:15
2025-07-02 15:16:45,068 - Config - WARNING - No data for EURUSD TF:30
2025-07-02 15:16:45,068 - Config - WARNING - No data for GBPUSD TF:5
2025-07-02 15:16:45,069 - Config - WARNING - No data for GBPUSD TF:15
2025-07-02 15:16:45,069 - Config - WARNING - No data for GBPUSD TF:30
2025-07-02 15:16:50,092 - Config - WARNING - No data for XAUUSD TF:5
2025-07-02 15:16:50,092 - Config - WARNING - No data for XAUUSD TF:15
2025-07-02 15:16:50,092 - Config - WARNING - No data for XAUUSD TF:30
2025-07-02 15:16:50,095 - Config - WARNING - No data for BTCUSD TF:5
2025-07-02 15:16:50,095 - Config - WARNING - No data for BTCUSD TF:15
2025-07-02 15:16:50,095 - Config - WARNING - No data for BTCUSD TF:30
2025-07-02 15:16:50,095 - Config - WARNING - No data for US30 TF:5
2025-07-02 15:16:50,095 - Config - WARNING - No data for US30 TF:15
2025-07-02 15:16:50,095 - Config - WARNING - No data for US30 TF:30
2025-07-02 15:16:50,095 - Config - WARNING - No data for USDJPY TF:5
2025-07-02 15:16:50,095 - Config - WARNING - No data for USDJPY TF:15
2025-07-02 15:16:50,095 - Config - WARNING - No data for USDJPY TF:30
2025-07-02 15:16:50,095 - Config - WARNING - No data for GBPJPY TF:5
2025-07-02 15:16:50,095 - Config - WARNING - No data for GBPJPY TF:15
2025-07-02 15:16:50,100 - Config - WARNING - No data for GBPJPY TF:30
2025-07-02 15:16:50,102 - Config - WARNING - No data for EURGBP TF:5
2025-07-02 15:16:50,102 - Config - WARNING - No data for EURGBP TF:15
2025-07-02 15:16:50,103 - Config - WARNING - No data for EURGBP TF:30
2025-07-02 15:16:50,103 - Config - WARNING - No data for ETHUSD TF:5
2025-07-02 15:16:50,104 - Config - WARNING - No data for ETHUSD TF:15
2025-07-02 15:16:50,104 - Config - WARNING - No data for ETHUSD TF:30
2025-07-02 15:16:50,104 - Config - WARNING - No data for USOIL TF:5
2025-07-02 15:16:50,104 - Config - WARNING - No data for USOIL TF:15
2025-07-02 15:16:50,106 - Config - WARNING - No data for USOIL TF:30
2025-07-02 15:16:50,106 - Config - WARNING - No data for AUDJPY TF:5
2025-07-02 15:16:50,106 - Config - WARNING - No data for AUDJPY TF:15
2025-07-02 15:16:50,107 - Config - WARNING - No data for AUDJPY TF:30
2025-07-02 15:16:50,108 - Config - WARNING - No data for XAGUSD TF:5
2025-07-02 15:16:50,109 - Config - WARNING - No data for XAGUSD TF:15
2025-07-02 15:16:50,109 - Config - WARNING - No data for XAGUSD TF:30
2025-07-02 15:16:50,110 - Config - WARNING - No data for EURUSD TF:5
2025-07-02 15:16:50,110 - Config - WARNING - No data for EURUSD TF:15
2025-07-02 15:16:50,111 - Config - WARNING - No data for EURUSD TF:30
2025-07-02 15:16:50,111 - Config - WARNING - No data for GBPUSD TF:5
2025-07-02 15:16:50,112 - Config - WARNING - No data for GBPUSD TF:15
2025-07-02 15:16:50,112 - Config - WARNING - No data for GBPUSD TF:30
2025-07-02 15:16:55,147 - Config - WARNING - No data for XAUUSD TF:5
2025-07-02 15:16:55,147 - Config - WARNING - No data for XAUUSD TF:15
2025-07-02 15:16:55,147 - Config - WARNING - No data for XAUUSD TF:30
2025-07-02 15:16:55,147 - Config - WARNING - No data for BTCUSD TF:5
2025-07-02 15:16:55,147 - Config - WARNING - No data for BTCUSD TF:15
2025-07-02 15:16:55,147 - Config - WARNING - No data for BTCUSD TF:30
2025-07-02 15:16:55,157 - Config - WARNING - No data for US30 TF:5
2025-07-02 15:16:55,157 - Config - WARNING - No data for US30 TF:15
2025-07-02 15:16:55,159 - Config - WARNING - No data for US30 TF:30
2025-07-02 15:16:55,161 - Config - WARNING - No data for USDJPY TF:5
2025-07-02 15:16:55,161 - Config - WARNING - No data for USDJPY TF:15
2025-07-02 15:16:55,161 - Config - WARNING - No data for USDJPY TF:30
2025-07-02 15:16:55,163 - Config - WARNING - No data for GBPJPY TF:5
2025-07-02 15:16:55,163 - Config - WARNING - No data for GBPJPY TF:15
2025-07-02 15:16:55,163 - Config - WARNING - No data for GBPJPY TF:30
2025-07-02 15:16:55,163 - Config - WARNING - No data for EURGBP TF:5
2025-07-02 15:16:55,163 - Config - WARNING - No data for EURGBP TF:15
2025-07-02 15:16:55,163 - Config - WARNING - No data for EURGBP TF:30
2025-07-02 15:16:55,163 - Config - WARNING - No data for ETHUSD TF:5
2025-07-02 15:16:55,163 - Config - WARNING - No data for ETHUSD TF:15
2025-07-02 15:16:55,163 - Config - WARNING - No data for ETHUSD TF:30
2025-07-02 15:16:55,163 - Config - WARNING - No data for USOIL TF:5
2025-07-02 15:16:55,163 - Config - WARNING - No data for USOIL TF:15
2025-07-02 15:16:55,163 - Config - WARNING - No data for USOIL TF:30
2025-07-02 15:16:55,163 - Config - WARNING - No data for AUDJPY TF:5
2025-07-02 15:16:55,163 - Config - WARNING - No data for AUDJPY TF:15
2025-07-02 15:16:55,163 - Config - WARNING - No data for AUDJPY TF:30
2025-07-02 15:16:55,163 - Config - WARNING - No data for XAGUSD TF:5
2025-07-02 15:16:55,163 - Config - WARNING - No data for XAGUSD TF:15
2025-07-02 15:16:55,163 - Config - WARNING - No data for XAGUSD TF:30
2025-07-02 15:16:55,163 - Config - WARNING - No data for EURUSD TF:5
2025-07-02 15:16:55,163 - Config - WARNING - No data for EURUSD TF:15
2025-07-02 15:16:55,163 - Config - WARNING - No data for EURUSD TF:30
2025-07-02 15:16:55,175 - Config - WARNING - No data for GBPUSD TF:5
2025-07-02 15:16:55,175 - Config - WARNING - No data for GBPUSD TF:15
2025-07-02 15:16:55,175 - Config - WARNING - No data for GBPUSD TF:30
2025-07-02 15:17:00,208 - Config - WARNING - No data for XAUUSD TF:5
2025-07-02 15:17:00,209 - Config - WARNING - No data for XAUUSD TF:15
2025-07-02 15:17:00,210 - Config - WARNING - No data for XAUUSD TF:30
2025-07-02 15:17:00,211 - Config - WARNING - No data for BTCUSD TF:5
2025-07-02 15:17:00,211 - Config - WARNING - No data for BTCUSD TF:15
2025-07-02 15:17:00,212 - Config - WARNING - No data for BTCUSD TF:30
2025-07-02 15:17:00,213 - Config - WARNING - No data for US30 TF:5
2025-07-02 15:17:00,214 - Config - WARNING - No data for US30 TF:15
2025-07-02 15:17:00,214 - Config - WARNING - No data for US30 TF:30
2025-07-02 15:17:00,215 - Config - WARNING - No data for USDJPY TF:5
2025-07-02 15:17:00,216 - Config - WARNING - No data for USDJPY TF:15
2025-07-02 15:17:00,216 - Config - WARNING - No data for USDJPY TF:30
2025-07-02 15:17:00,217 - Config - WARNING - No data for GBPJPY TF:5
2025-07-02 15:17:00,218 - Config - WARNING - No data for GBPJPY TF:15
2025-07-02 15:17:00,218 - Config - WARNING - No data for GBPJPY TF:30
2025-07-02 15:17:00,219 - Config - WARNING - No data for EURGBP TF:5
2025-07-02 15:17:00,220 - Config - WARNING - No data for EURGBP TF:15
2025-07-02 15:17:00,220 - Config - WARNING - No data for EURGBP TF:30
2025-07-02 15:17:00,221 - Config - WARNING - No data for ETHUSD TF:5
2025-07-02 15:17:00,221 - Config - WARNING - No data for ETHUSD TF:15
2025-07-02 15:17:00,222 - Config - WARNING - No data for ETHUSD TF:30
2025-07-02 15:17:00,222 - Config - WARNING - No data for USOIL TF:5
2025-07-02 15:17:00,223 - Config - WARNING - No data for USOIL TF:15
2025-07-02 15:17:00,224 - Config - WARNING - No data for USOIL TF:30
2025-07-02 15:17:00,224 - Config - WARNING - No data for AUDJPY TF:5
2025-07-02 15:17:00,225 - Config - WARNING - No data for AUDJPY TF:15
2025-07-02 15:17:00,225 - Config - WARNING - No data for AUDJPY TF:30
2025-07-02 15:17:00,226 - Config - WARNING - No data for XAGUSD TF:5
2025-07-02 15:17:00,227 - Config - WARNING - No data for XAGUSD TF:15
2025-07-02 15:17:00,227 - Config - WARNING - No data for XAGUSD TF:30
2025-07-02 15:17:00,227 - Config - WARNING - No data for EURUSD TF:5
2025-07-02 15:17:00,228 - Config - WARNING - No data for EURUSD TF:15
2025-07-02 15:17:00,228 - Config - WARNING - No data for EURUSD TF:30
2025-07-02 15:17:00,229 - Config - WARNING - No data for GBPUSD TF:5
2025-07-02 15:17:00,229 - Config - WARNING - No data for GBPUSD TF:15
2025-07-02 15:17:00,230 - Config - WARNING - No data for GBPUSD TF:30
2025-07-02 15:17:05,258 - Config - WARNING - No data for XAUUSD TF:5
2025-07-02 15:17:05,259 - Config - WARNING - No data for XAUUSD TF:15
2025-07-02 15:17:05,259 - Config - WARNING - No data for XAUUSD TF:30
2025-07-02 15:17:05,260 - Config - WARNING - No data for BTCUSD TF:5
2025-07-02 15:17:05,260 - Config - WARNING - No data for BTCUSD TF:15
2025-07-02 15:17:05,261 - Config - WARNING - No data for BTCUSD TF:30
2025-07-02 15:17:05,261 - Config - WARNING - No data for US30 TF:5
2025-07-02 15:17:05,262 - Config - WARNING - No data for US30 TF:15
2025-07-02 15:17:05,262 - Config - WARNING - No data for US30 TF:30
2025-07-02 15:17:05,262 - Config - WARNING - No data for USDJPY TF:5
2025-07-02 15:17:05,263 - Config - WARNING - No data for USDJPY TF:15
2025-07-02 15:17:05,263 - Config - WARNING - No data for USDJPY TF:30
2025-07-02 15:17:05,264 - Config - WARNING - No data for GBPJPY TF:5
2025-07-02 15:17:05,264 - Config - WARNING - No data for GBPJPY TF:15
2025-07-02 15:17:05,265 - Config - WARNING - No data for GBPJPY TF:30
2025-07-02 15:17:05,265 - Config - WARNING - No data for EURGBP TF:5
2025-07-02 15:17:05,266 - Config - WARNING - No data for EURGBP TF:15
2025-07-02 15:17:05,266 - Config - WARNING - No data for EURGBP TF:30
2025-07-02 15:17:05,266 - Config - WARNING - No data for ETHUSD TF:5
2025-07-02 15:17:05,267 - Config - WARNING - No data for ETHUSD TF:15
2025-07-02 15:17:05,267 - Config - WARNING - No data for ETHUSD TF:30
2025-07-02 15:17:05,268 - Config - WARNING - No data for USOIL TF:5
2025-07-02 15:17:05,268 - Config - WARNING - No data for USOIL TF:15
2025-07-02 15:17:05,269 - Config - WARNING - No data for USOIL TF:30
2025-07-02 15:17:05,269 - Config - WARNING - No data for AUDJPY TF:5
2025-07-02 15:17:05,270 - Config - WARNING - No data for AUDJPY TF:15
2025-07-02 15:17:05,270 - Config - WARNING - No data for AUDJPY TF:30
2025-07-02 15:17:05,271 - Config - WARNING - No data for XAGUSD TF:5
2025-07-02 15:17:05,271 - Config - WARNING - No data for XAGUSD TF:15
2025-07-02 15:17:05,272 - Config - WARNING - No data for XAGUSD TF:30
2025-07-02 15:17:05,272 - Config - WARNING - No data for EURUSD TF:5
2025-07-02 15:17:05,273 - Config - WARNING - No data for EURUSD TF:15
2025-07-02 15:17:05,273 - Config - WARNING - No data for EURUSD TF:30
2025-07-02 15:17:05,273 - Config - WARNING - No data for GBPUSD TF:5
2025-07-02 15:17:05,274 - Config - WARNING - No data for GBPUSD TF:15
2025-07-02 15:17:05,274 - Config - WARNING - No data for GBPUSD TF:30
2025-07-02 15:17:10,304 - Config - WARNING - No data for XAUUSD TF:5
2025-07-02 15:17:10,306 - Config - WARNING - No data for XAUUSD TF:15
2025-07-02 15:17:10,308 - Config - WARNING - No data for XAUUSD TF:30
2025-07-02 15:17:10,310 - Config - WARNING - No data for BTCUSD TF:5
2025-07-02 15:17:10,312 - Config - WARNING - No data for BTCUSD TF:15
2025-07-02 15:17:10,314 - Config - WARNING - No data for BTCUSD TF:30
2025-07-02 15:17:10,316 - Config - WARNING - No data for US30 TF:5
2025-07-02 15:17:10,317 - Config - WARNING - No data for US30 TF:15
2025-07-02 15:17:10,319 - Config - WARNING - No data for US30 TF:30
2025-07-02 15:17:10,321 - Config - WARNING - No data for USDJPY TF:5
2025-07-02 15:17:10,323 - Config - WARNING - No data for USDJPY TF:15
2025-07-02 15:17:10,325 - Config - WARNING - No data for USDJPY TF:30
2025-07-02 15:17:10,326 - Config - WARNING - No data for GBPJPY TF:5
2025-07-02 15:17:10,328 - Config - WARNING - No data for GBPJPY TF:15
2025-07-02 15:17:10,330 - Config - WARNING - No data for GBPJPY TF:30
2025-07-02 15:17:10,332 - Config - WARNING - No data for EURGBP TF:5
2025-07-02 15:17:10,334 - Config - WARNING - No data for EURGBP TF:15
2025-07-02 15:17:10,335 - Config - WARNING - No data for EURGBP TF:30
2025-07-02 15:17:10,336 - Config - WARNING - No data for ETHUSD TF:5
2025-07-02 15:17:10,337 - Config - WARNING - No data for ETHUSD TF:15
2025-07-02 15:17:10,339 - Config - WARNING - No data for ETHUSD TF:30
2025-07-02 15:17:10,340 - Config - WARNING - No data for USOIL TF:5
2025-07-02 15:17:10,341 - Config - WARNING - No data for USOIL TF:15
2025-07-02 15:17:10,342 - Config - WARNING - No data for USOIL TF:30
2025-07-02 15:17:10,343 - Config - WARNING - No data for AUDJPY TF:5
2025-07-02 15:17:10,344 - Config - WARNING - No data for AUDJPY TF:15
2025-07-02 15:17:10,345 - Config - WARNING - No data for AUDJPY TF:30
2025-07-02 15:17:10,346 - Config - WARNING - No data for XAGUSD TF:5
2025-07-02 15:17:10,347 - Config - WARNING - No data for XAGUSD TF:15
2025-07-02 15:17:10,348 - Config - WARNING - No data for XAGUSD TF:30
2025-07-02 15:17:10,349 - Config - WARNING - No data for EURUSD TF:5
2025-07-02 15:17:10,350 - Config - WARNING - No data for EURUSD TF:15
2025-07-02 15:17:10,350 - Config - WARNING - No data for EURUSD TF:30
2025-07-02 15:17:10,351 - Config - WARNING - No data for GBPUSD TF:5
2025-07-02 15:17:10,352 - Config - WARNING - No data for GBPUSD TF:15
2025-07-02 15:17:10,353 - Config - WARNING - No data for GBPUSD TF:30
2025-07-02 15:17:15,393 - Config - WARNING - No data for XAUUSD TF:5
2025-07-02 15:17:15,393 - Config - WARNING - No data for XAUUSD TF:15
2025-07-02 15:17:15,393 - Config - WARNING - No data for XAUUSD TF:30
2025-07-02 15:17:15,393 - Config - WARNING - No data for BTCUSD TF:5
2025-07-02 15:17:15,393 - Config - WARNING - No data for BTCUSD TF:15
2025-07-02 15:17:15,399 - Config - WARNING - No data for BTCUSD TF:30
2025-07-02 15:17:15,399 - Config - WARNING - No data for US30 TF:5
2025-07-02 15:17:15,400 - Config - WARNING - No data for US30 TF:15
2025-07-02 15:17:15,400 - Config - WARNING - No data for US30 TF:30
2025-07-02 15:17:15,401 - Config - WARNING - No data for USDJPY TF:5
2025-07-02 15:17:15,402 - Config - WARNING - No data for USDJPY TF:15
2025-07-02 15:17:15,402 - Config - WARNING - No data for USDJPY TF:30
2025-07-02 15:17:15,402 - Config - WARNING - No data for GBPJPY TF:5
2025-07-02 15:17:15,402 - Config - WARNING - No data for GBPJPY TF:15
2025-07-02 15:17:15,402 - Config - WARNING - No data for GBPJPY TF:30
2025-07-02 15:17:15,402 - Config - WARNING - No data for EURGBP TF:5
2025-07-02 15:17:15,407 - Config - WARNING - No data for EURGBP TF:15
2025-07-02 15:17:15,407 - Config - WARNING - No data for EURGBP TF:30
2025-07-02 15:17:15,408 - Config - WARNING - No data for ETHUSD TF:5
2025-07-02 15:17:15,409 - Config - WARNING - No data for ETHUSD TF:15
2025-07-02 15:17:15,410 - Config - WARNING - No data for ETHUSD TF:30
2025-07-02 15:17:15,410 - Config - WARNING - No data for USOIL TF:5
2025-07-02 15:17:15,411 - Config - WARNING - No data for USOIL TF:15
2025-07-02 15:17:15,411 - Config - WARNING - No data for USOIL TF:30
2025-07-02 15:17:15,411 - Config - WARNING - No data for AUDJPY TF:5
2025-07-02 15:17:15,411 - Config - WARNING - No data for AUDJPY TF:15
2025-07-02 15:17:15,411 - Config - WARNING - No data for AUDJPY TF:30
2025-07-02 15:17:15,416 - Config - WARNING - No data for XAGUSD TF:5
2025-07-02 15:17:15,416 - Config - WARNING - No data for XAGUSD TF:15
2025-07-02 15:17:15,417 - Config - WARNING - No data for XAGUSD TF:30
2025-07-02 15:17:15,418 - Config - WARNING - No data for EURUSD TF:5
2025-07-02 15:17:15,419 - Config - WARNING - No data for EURUSD TF:15
2025-07-02 15:17:15,419 - Config - WARNING - No data for EURUSD TF:30
2025-07-02 15:17:15,419 - Config - WARNING - No data for GBPUSD TF:5
2025-07-02 15:17:15,420 - Config - WARNING - No data for GBPUSD TF:15
2025-07-02 15:17:15,421 - Config - WARNING - No data for GBPUSD TF:30
2025-07-02 15:17:20,476 - Config - WARNING - No data for XAUUSD TF:5
2025-07-02 15:17:20,479 - Config - WARNING - No data for XAUUSD TF:15
2025-07-02 15:17:20,479 - Config - WARNING - No data for XAUUSD TF:30
2025-07-02 15:17:20,479 - Config - WARNING - No data for BTCUSD TF:5
2025-07-02 15:17:20,479 - Config - WARNING - No data for BTCUSD TF:15
2025-07-02 15:17:20,479 - Config - WARNING - No data for BTCUSD TF:30
2025-07-02 15:17:20,479 - Config - WARNING - No data for US30 TF:5
2025-07-02 15:17:20,479 - Config - WARNING - No data for US30 TF:15
2025-07-02 15:17:20,479 - Config - WARNING - No data for US30 TF:30
2025-07-02 15:17:20,490 - Config - WARNING - No data for USDJPY TF:5
2025-07-02 15:17:20,492 - Config - WARNING - No data for USDJPY TF:15
2025-07-02 15:17:20,492 - Config - WARNING - No data for USDJPY TF:30
2025-07-02 15:17:20,493 - Config - WARNING - No data for GBPJPY TF:5
2025-07-02 15:17:20,493 - Config - WARNING - No data for GBPJPY TF:15
2025-07-02 15:17:20,494 - Config - WARNING - No data for GBPJPY TF:30
2025-07-02 15:17:20,494 - Config - WARNING - No data for EURGBP TF:5
2025-07-02 15:17:20,494 - Config - WARNING - No data for EURGBP TF:15
2025-07-02 15:17:20,496 - Config - WARNING - No data for EURGBP TF:30
2025-07-02 15:17:20,497 - Config - WARNING - No data for ETHUSD TF:5
2025-07-02 15:17:20,497 - Config - WARNING - No data for ETHUSD TF:15
2025-07-02 15:17:20,498 - Config - WARNING - No data for ETHUSD TF:30
2025-07-02 15:17:20,499 - Config - WARNING - No data for USOIL TF:5
2025-07-02 15:17:20,499 - Config - WARNING - No data for USOIL TF:15
2025-07-02 15:17:20,499 - Config - WARNING - No data for USOIL TF:30
2025-07-02 15:17:20,500 - Config - WARNING - No data for AUDJPY TF:5
2025-07-02 15:17:20,500 - Config - WARNING - No data for AUDJPY TF:15
2025-07-02 15:17:20,501 - Config - WARNING - No data for AUDJPY TF:30
2025-07-02 15:17:20,501 - Config - WARNING - No data for XAGUSD TF:5
2025-07-02 15:17:20,502 - Config - WARNING - No data for XAGUSD TF:15
2025-07-02 15:17:20,503 - Config - WARNING - No data for XAGUSD TF:30
2025-07-02 15:17:20,504 - Config - WARNING - No data for EURUSD TF:5
2025-07-02 15:17:20,504 - Config - WARNING - No data for EURUSD TF:15
2025-07-02 15:17:20,504 - Config - WARNING - No data for EURUSD TF:30
2025-07-02 15:17:20,505 - Config - WARNING - No data for GBPUSD TF:5
2025-07-02 15:17:20,506 - Config - WARNING - No data for GBPUSD TF:15
2025-07-02 15:17:20,507 - Config - WARNING - No data for GBPUSD TF:30
2025-07-02 15:17:25,540 - Config - WARNING - No data for XAUUSD TF:5
2025-07-02 15:17:25,544 - Config - WARNING - No data for XAUUSD TF:15
2025-07-02 15:17:25,544 - Config - WARNING - No data for XAUUSD TF:30
2025-07-02 15:17:25,544 - Config - WARNING - No data for BTCUSD TF:5
2025-07-02 15:17:25,544 - Config - WARNING - No data for BTCUSD TF:15
2025-07-02 15:17:25,544 - Config - WARNING - No data for BTCUSD TF:30
2025-07-02 15:17:25,544 - Config - WARNING - No data for US30 TF:5
2025-07-02 15:17:25,544 - Config - WARNING - No data for US30 TF:15
2025-07-02 15:17:25,544 - Config - WARNING - No data for US30 TF:30
2025-07-02 15:17:25,552 - Config - WARNING - No data for USDJPY TF:5
2025-07-02 15:17:25,552 - Config - WARNING - No data for USDJPY TF:15
2025-07-02 15:17:25,553 - Config - WARNING - No data for USDJPY TF:30
2025-07-02 15:17:25,553 - Config - WARNING - No data for GBPJPY TF:5
2025-07-02 15:17:25,554 - Config - WARNING - No data for GBPJPY TF:15
2025-07-02 15:17:25,554 - Config - WARNING - No data for GBPJPY TF:30
2025-07-02 15:17:25,554 - Config - WARNING - No data for EURGBP TF:5
2025-07-02 15:17:25,555 - Config - WARNING - No data for EURGBP TF:15
2025-07-02 15:17:25,556 - Config - WARNING - No data for EURGBP TF:30
2025-07-02 15:17:25,556 - Config - WARNING - No data for ETHUSD TF:5
2025-07-02 15:17:25,556 - Config - WARNING - No data for ETHUSD TF:15
2025-07-02 15:17:25,556 - Config - WARNING - No data for ETHUSD TF:30
2025-07-02 15:17:25,556 - Config - WARNING - No data for USOIL TF:5
2025-07-02 15:17:25,556 - Config - WARNING - No data for USOIL TF:15
2025-07-02 15:17:25,556 - Config - WARNING - No data for USOIL TF:30
2025-07-02 15:17:25,560 - Config - WARNING - No data for AUDJPY TF:5
2025-07-02 15:17:25,560 - Config - WARNING - No data for AUDJPY TF:15
2025-07-02 15:17:25,560 - Config - WARNING - No data for AUDJPY TF:30
2025-07-02 15:17:25,561 - Config - WARNING - No data for XAGUSD TF:5
2025-07-02 15:17:25,562 - Config - WARNING - No data for XAGUSD TF:15
2025-07-02 15:17:25,563 - Config - WARNING - No data for XAGUSD TF:30
2025-07-02 15:17:25,563 - Config - WARNING - No data for EURUSD TF:5
2025-07-02 15:17:25,564 - Config - WARNING - No data for EURUSD TF:15
2025-07-02 15:17:25,564 - Config - WARNING - No data for EURUSD TF:30
2025-07-02 15:17:25,564 - Config - WARNING - No data for GBPUSD TF:5
2025-07-02 15:17:25,565 - Config - WARNING - No data for GBPUSD TF:15
2025-07-02 15:17:25,566 - Config - WARNING - No data for GBPUSD TF:30
2025-07-02 15:17:30,591 - Config - WARNING - No data for XAUUSD TF:5
2025-07-02 15:17:30,591 - Config - WARNING - No data for XAUUSD TF:15
2025-07-02 15:17:30,591 - Config - WARNING - No data for XAUUSD TF:30
2025-07-02 15:17:30,591 - Config - WARNING - No data for BTCUSD TF:5
2025-07-02 15:17:30,591 - Config - WARNING - No data for BTCUSD TF:15
2025-07-02 15:17:30,591 - Config - WARNING - No data for BTCUSD TF:30
2025-07-02 15:17:30,591 - Config - WARNING - No data for US30 TF:5
2025-07-02 15:17:30,591 - Config - WARNING - No data for US30 TF:15
2025-07-02 15:17:30,591 - Config - WARNING - No data for US30 TF:30
2025-07-02 15:17:30,601 - Config - WARNING - No data for USDJPY TF:5
2025-07-02 15:17:30,602 - Config - WARNING - No data for USDJPY TF:15
2025-07-02 15:17:30,603 - Config - WARNING - No data for USDJPY TF:30
2025-07-02 15:17:30,604 - Config - WARNING - No data for GBPJPY TF:5
2025-07-02 15:17:30,605 - Config - WARNING - No data for GBPJPY TF:15
2025-07-02 15:17:30,605 - Config - WARNING - No data for GBPJPY TF:30
2025-07-02 15:17:30,607 - Config - WARNING - No data for EURGBP TF:5
2025-07-02 15:17:30,607 - Config - WARNING - No data for EURGBP TF:15
2025-07-02 15:17:30,607 - Config - WARNING - No data for EURGBP TF:30
2025-07-02 15:17:30,607 - Config - WARNING - No data for ETHUSD TF:5
2025-07-02 15:17:30,607 - Config - WARNING - No data for ETHUSD TF:15
2025-07-02 15:17:30,607 - Config - WARNING - No data for ETHUSD TF:30
2025-07-02 15:17:30,607 - Config - WARNING - No data for USOIL TF:5
2025-07-02 15:17:30,612 - Config - WARNING - No data for USOIL TF:15
2025-07-02 15:17:30,612 - Config - WARNING - No data for USOIL TF:30
2025-07-02 15:17:30,612 - Config - WARNING - No data for AUDJPY TF:5
2025-07-02 15:17:30,614 - Config - WARNING - No data for AUDJPY TF:15
2025-07-02 15:17:30,614 - Config - WARNING - No data for AUDJPY TF:30
2025-07-02 15:17:30,615 - Config - WARNING - No data for XAGUSD TF:5
2025-07-02 15:17:30,616 - Config - WARNING - No data for XAGUSD TF:15
2025-07-02 15:17:30,616 - Config - WARNING - No data for XAGUSD TF:30
2025-07-02 15:17:30,616 - Config - WARNING - No data for EURUSD TF:5
2025-07-02 15:17:30,616 - Config - WARNING - No data for EURUSD TF:15
2025-07-02 15:17:30,616 - Config - WARNING - No data for EURUSD TF:30
2025-07-02 15:17:30,616 - Config - WARNING - No data for GBPUSD TF:5
2025-07-02 15:17:30,616 - Config - WARNING - No data for GBPUSD TF:15
2025-07-02 15:17:30,616 - Config - WARNING - No data for GBPUSD TF:30
2025-07-02 15:17:35,648 - Config - WARNING - No data for XAUUSD TF:5
2025-07-02 15:17:35,648 - Config - WARNING - No data for XAUUSD TF:15
2025-07-02 15:17:35,648 - Config - WARNING - No data for XAUUSD TF:30
2025-07-02 15:17:35,648 - Config - WARNING - No data for BTCUSD TF:5
2025-07-02 15:17:35,648 - Config - WARNING - No data for BTCUSD TF:15
2025-07-02 15:17:35,654 - Config - WARNING - No data for BTCUSD TF:30
2025-07-02 15:17:35,654 - Config - WARNING - No data for US30 TF:5
2025-07-02 15:17:35,655 - Config - WARNING - No data for US30 TF:15
2025-07-02 15:17:35,655 - Config - WARNING - No data for US30 TF:30
2025-07-02 15:17:35,655 - Config - WARNING - No data for USDJPY TF:5
2025-07-02 15:17:35,655 - Config - WARNING - No data for USDJPY TF:15
2025-07-02 15:17:35,655 - Config - WARNING - No data for USDJPY TF:30
2025-07-02 15:17:35,659 - Config - WARNING - No data for GBPJPY TF:5
2025-07-02 15:17:35,659 - Config - WARNING - No data for GBPJPY TF:15
2025-07-02 15:17:35,659 - Config - WARNING - No data for GBPJPY TF:30
2025-07-02 15:17:35,659 - Config - WARNING - No data for EURGBP TF:5
2025-07-02 15:17:35,659 - Config - WARNING - No data for EURGBP TF:15
2025-07-02 15:17:35,659 - Config - WARNING - No data for EURGBP TF:30
2025-07-02 15:17:35,659 - Config - WARNING - No data for ETHUSD TF:5
2025-07-02 15:17:35,659 - Config - WARNING - No data for ETHUSD TF:15
2025-07-02 15:17:35,659 - Config - WARNING - No data for ETHUSD TF:30
2025-07-02 15:17:35,659 - Config - WARNING - No data for USOIL TF:5
2025-07-02 15:17:35,659 - Config - WARNING - No data for USOIL TF:15
2025-07-02 15:17:35,659 - Config - WARNING - No data for USOIL TF:30
2025-07-02 15:17:35,659 - Config - WARNING - No data for AUDJPY TF:5
2025-07-02 15:17:35,659 - Config - WARNING - No data for AUDJPY TF:15
2025-07-02 15:17:35,659 - Config - WARNING - No data for AUDJPY TF:30
2025-07-02 15:17:35,659 - Config - WARNING - No data for XAGUSD TF:5
2025-07-02 15:17:35,659 - Config - WARNING - No data for XAGUSD TF:15
2025-07-02 15:17:35,659 - Config - WARNING - No data for XAGUSD TF:30
2025-07-02 15:17:35,659 - Config - WARNING - No data for EURUSD TF:5
2025-07-02 15:17:35,659 - Config - WARNING - No data for EURUSD TF:15
2025-07-02 15:17:35,659 - Config - WARNING - No data for EURUSD TF:30
2025-07-02 15:17:35,671 - Config - WARNING - No data for GBPUSD TF:5
2025-07-02 15:17:35,671 - Config - WARNING - No data for GBPUSD TF:15
2025-07-02 15:17:35,671 - Config - WARNING - No data for GBPUSD TF:30
2025-07-02 15:17:40,707 - Config - WARNING - No data for XAUUSD TF:5
2025-07-02 15:17:40,707 - Config - WARNING - No data for XAUUSD TF:15
2025-07-02 15:17:40,707 - Config - WARNING - No data for XAUUSD TF:30
2025-07-02 15:17:40,707 - Config - WARNING - No data for BTCUSD TF:5
2025-07-02 15:17:40,707 - Config - WARNING - No data for BTCUSD TF:15
2025-07-02 15:17:40,707 - Config - WARNING - No data for BTCUSD TF:30
2025-07-02 15:17:40,707 - Config - WARNING - No data for US30 TF:5
2025-07-02 15:17:40,707 - Config - WARNING - No data for US30 TF:15
2025-07-02 15:17:40,707 - Config - WARNING - No data for US30 TF:30
2025-07-02 15:17:40,707 - Config - WARNING - No data for USDJPY TF:5
2025-07-02 15:17:40,707 - Config - WARNING - No data for USDJPY TF:15
2025-07-02 15:17:40,707 - Config - WARNING - No data for USDJPY TF:30
2025-07-02 15:17:40,707 - Config - WARNING - No data for GBPJPY TF:5
2025-07-02 15:17:40,719 - Config - WARNING - No data for GBPJPY TF:15
2025-07-02 15:17:40,719 - Config - WARNING - No data for GBPJPY TF:30
2025-07-02 15:17:40,719 - Config - WARNING - No data for EURGBP TF:5
2025-07-02 15:17:40,719 - Config - WARNING - No data for EURGBP TF:15
2025-07-02 15:17:40,719 - Config - WARNING - No data for EURGBP TF:30
2025-07-02 15:17:40,719 - Config - WARNING - No data for ETHUSD TF:5
2025-07-02 15:17:40,719 - Config - WARNING - No data for ETHUSD TF:15
2025-07-02 15:17:40,719 - Config - WARNING - No data for ETHUSD TF:30
2025-07-02 15:17:40,719 - Config - WARNING - No data for USOIL TF:5
2025-07-02 15:17:40,719 - Config - WARNING - No data for USOIL TF:15
2025-07-02 15:17:40,719 - Config - WARNING - No data for USOIL TF:30
2025-07-02 15:17:40,719 - Config - WARNING - No data for AUDJPY TF:5
2025-07-02 15:17:40,719 - Config - WARNING - No data for AUDJPY TF:15
2025-07-02 15:17:40,719 - Config - WARNING - No data for AUDJPY TF:30
2025-07-02 15:17:40,719 - Config - WARNING - No data for XAGUSD TF:5
2025-07-02 15:17:40,719 - Config - WARNING - No data for XAGUSD TF:15
2025-07-02 15:17:40,719 - Config - WARNING - No data for XAGUSD TF:30
2025-07-02 15:17:40,719 - Config - WARNING - No data for EURUSD TF:5
2025-07-02 15:17:40,719 - Config - WARNING - No data for EURUSD TF:15
2025-07-02 15:17:40,719 - Config - WARNING - No data for EURUSD TF:30
2025-07-02 15:17:40,719 - Config - WARNING - No data for GBPUSD TF:5
2025-07-02 15:17:40,719 - Config - WARNING - No data for GBPUSD TF:15
2025-07-02 15:17:40,719 - Config - WARNING - No data for GBPUSD TF:30
2025-07-02 15:17:45,762 - Config - WARNING - No data for XAUUSD TF:5
2025-07-02 15:17:45,762 - Config - WARNING - No data for XAUUSD TF:15
2025-07-02 15:17:45,762 - Config - WARNING - No data for XAUUSD TF:30
2025-07-02 15:17:45,762 - Config - WARNING - No data for BTCUSD TF:5
2025-07-02 15:17:45,762 - Config - WARNING - No data for BTCUSD TF:15
2025-07-02 15:17:45,762 - Config - WARNING - No data for BTCUSD TF:30
2025-07-02 15:17:45,762 - Config - WARNING - No data for US30 TF:5
2025-07-02 15:17:45,762 - Config - WARNING - No data for US30 TF:15
2025-07-02 15:17:45,762 - Config - WARNING - No data for US30 TF:30
2025-07-02 15:17:45,762 - Config - WARNING - No data for USDJPY TF:5
2025-07-02 15:17:45,762 - Config - WARNING - No data for USDJPY TF:15
2025-07-02 15:17:45,762 - Config - WARNING - No data for USDJPY TF:30
2025-07-02 15:17:45,762 - Config - WARNING - No data for GBPJPY TF:5
2025-07-02 15:17:45,762 - Config - WARNING - No data for GBPJPY TF:15
2025-07-02 15:17:45,762 - Config - WARNING - No data for GBPJPY TF:30
2025-07-02 15:17:45,770 - Config - WARNING - No data for EURGBP TF:5
2025-07-02 15:17:45,770 - Config - WARNING - No data for EURGBP TF:15
2025-07-02 15:17:45,770 - Config - WARNING - No data for EURGBP TF:30
2025-07-02 15:17:45,770 - Config - WARNING - No data for ETHUSD TF:5
2025-07-02 15:17:45,770 - Config - WARNING - No data for ETHUSD TF:15
2025-07-02 15:17:45,770 - Config - WARNING - No data for ETHUSD TF:30
2025-07-02 15:17:45,770 - Config - WARNING - No data for USOIL TF:5
2025-07-02 15:17:45,770 - Config - WARNING - No data for USOIL TF:15
2025-07-02 15:17:45,770 - Config - WARNING - No data for USOIL TF:30
2025-07-02 15:17:45,770 - Config - WARNING - No data for AUDJPY TF:5
2025-07-02 15:17:45,770 - Config - WARNING - No data for AUDJPY TF:15
2025-07-02 15:17:45,770 - Config - WARNING - No data for AUDJPY TF:30
2025-07-02 15:17:45,770 - Config - WARNING - No data for XAGUSD TF:5
2025-07-02 15:17:45,770 - Config - WARNING - No data for XAGUSD TF:15
2025-07-02 15:17:45,770 - Config - WARNING - No data for XAGUSD TF:30
2025-07-02 15:17:45,770 - Config - WARNING - No data for EURUSD TF:5
2025-07-02 15:17:45,770 - Config - WARNING - No data for EURUSD TF:15
2025-07-02 15:17:45,770 - Config - WARNING - No data for EURUSD TF:30
2025-07-02 15:17:45,770 - Config - WARNING - No data for GBPUSD TF:5
2025-07-02 15:17:45,770 - Config - WARNING - No data for GBPUSD TF:15
2025-07-02 15:17:45,770 - Config - WARNING - No data for GBPUSD TF:30
2025-07-02 15:17:50,811 - Config - WARNING - No data for XAUUSD TF:5
2025-07-02 15:17:50,811 - Config - WARNING - No data for XAUUSD TF:15
2025-07-02 15:17:50,811 - Config - WARNING - No data for XAUUSD TF:30
2025-07-02 15:17:50,811 - Config - WARNING - No data for BTCUSD TF:5
2025-07-02 15:17:50,811 - Config - WARNING - No data for BTCUSD TF:15
2025-07-02 15:17:50,811 - Config - WARNING - No data for BTCUSD TF:30
2025-07-02 15:17:50,811 - Config - WARNING - No data for US30 TF:5
2025-07-02 15:17:50,811 - Config - WARNING - No data for US30 TF:15
2025-07-02 15:17:50,811 - Config - WARNING - No data for US30 TF:30
2025-07-02 15:17:50,811 - Config - WARNING - No data for USDJPY TF:5
2025-07-02 15:17:50,811 - Config - WARNING - No data for USDJPY TF:15
2025-07-02 15:17:50,821 - Config - WARNING - No data for USDJPY TF:30
2025-07-02 15:17:50,821 - Config - WARNING - No data for GBPJPY TF:5
2025-07-02 15:17:50,821 - Config - WARNING - No data for GBPJPY TF:15
2025-07-02 15:17:50,821 - Config - WARNING - No data for GBPJPY TF:30
2025-07-02 15:17:50,821 - Config - WARNING - No data for EURGBP TF:5
2025-07-02 15:17:50,821 - Config - WARNING - No data for EURGBP TF:15
2025-07-02 15:17:50,821 - Config - WARNING - No data for EURGBP TF:30
2025-07-02 15:17:50,821 - Config - WARNING - No data for ETHUSD TF:5
2025-07-02 15:17:50,821 - Config - WARNING - No data for ETHUSD TF:15
2025-07-02 15:17:50,826 - Config - WARNING - No data for ETHUSD TF:30
2025-07-02 15:17:50,826 - Config - WARNING - No data for USOIL TF:5
2025-07-02 15:17:50,826 - Config - WARNING - No data for USOIL TF:15
2025-07-02 15:17:50,826 - Config - WARNING - No data for USOIL TF:30
2025-07-02 15:17:50,826 - Config - WARNING - No data for AUDJPY TF:5
2025-07-02 15:17:50,826 - Config - WARNING - No data for AUDJPY TF:15
2025-07-02 15:17:50,826 - Config - WARNING - No data for AUDJPY TF:30
2025-07-02 15:17:50,826 - Config - WARNING - No data for XAGUSD TF:5
2025-07-02 15:17:50,826 - Config - WARNING - No data for XAGUSD TF:15
2025-07-02 15:17:50,826 - Config - WARNING - No data for XAGUSD TF:30
2025-07-02 15:17:50,826 - Config - WARNING - No data for EURUSD TF:5
2025-07-02 15:17:50,826 - Config - WARNING - No data for EURUSD TF:15
2025-07-02 15:17:50,826 - Config - WARNING - No data for EURUSD TF:30
2025-07-02 15:17:50,826 - Config - WARNING - No data for GBPUSD TF:5
2025-07-02 15:17:50,826 - Config - WARNING - No data for GBPUSD TF:15
2025-07-02 15:17:50,826 - Config - WARNING - No data for GBPUSD TF:30
2025-07-02 15:17:55,868 - Config - WARNING - No data for XAUUSD TF:5
2025-07-02 15:17:55,870 - Config - WARNING - No data for XAUUSD TF:15
2025-07-02 15:17:55,870 - Config - WARNING - No data for XAUUSD TF:30
2025-07-02 15:17:55,870 - Config - WARNING - No data for BTCUSD TF:5
2025-07-02 15:17:55,870 - Config - WARNING - No data for BTCUSD TF:15
2025-07-02 15:17:55,870 - Config - WARNING - No data for BTCUSD TF:30
2025-07-02 15:17:55,870 - Config - WARNING - No data for US30 TF:5
2025-07-02 15:17:55,870 - Config - WARNING - No data for US30 TF:15
2025-07-02 15:17:55,870 - Config - WARNING - No data for US30 TF:30
2025-07-02 15:17:55,870 - Config - WARNING - No data for USDJPY TF:5
2025-07-02 15:17:55,870 - Config - WARNING - No data for USDJPY TF:15
2025-07-02 15:17:55,870 - Config - WARNING - No data for USDJPY TF:30
2025-07-02 15:17:55,870 - Config - WARNING - No data for GBPJPY TF:5
2025-07-02 15:17:55,870 - Config - WARNING - No data for GBPJPY TF:15
2025-07-02 15:17:55,870 - Config - WARNING - No data for GBPJPY TF:30
2025-07-02 15:17:55,876 - Config - WARNING - No data for EURGBP TF:5
2025-07-02 15:17:55,876 - Config - WARNING - No data for EURGBP TF:15
2025-07-02 15:17:55,876 - Config - WARNING - No data for EURGBP TF:30
2025-07-02 15:17:55,876 - Config - WARNING - No data for ETHUSD TF:5
2025-07-02 15:17:55,876 - Config - WARNING - No data for ETHUSD TF:15
2025-07-02 15:17:55,878 - Config - WARNING - No data for ETHUSD TF:30
2025-07-02 15:17:55,878 - Config - WARNING - No data for USOIL TF:5
2025-07-02 15:17:55,878 - Config - WARNING - No data for USOIL TF:15
2025-07-02 15:17:55,878 - Config - WARNING - No data for USOIL TF:30
2025-07-02 15:17:55,878 - Config - WARNING - No data for AUDJPY TF:5
2025-07-02 15:17:55,880 - Config - WARNING - No data for AUDJPY TF:15
2025-07-02 15:17:55,880 - Config - WARNING - No data for AUDJPY TF:30
2025-07-02 15:17:55,880 - Config - WARNING - No data for XAGUSD TF:5
2025-07-02 15:17:55,880 - Config - WARNING - No data for XAGUSD TF:15
2025-07-02 15:17:55,880 - Config - WARNING - No data for XAGUSD TF:30
2025-07-02 15:17:55,880 - Config - WARNING - No data for EURUSD TF:5
2025-07-02 15:17:55,880 - Config - WARNING - No data for EURUSD TF:15
2025-07-02 15:17:55,880 - Config - WARNING - No data for EURUSD TF:30
2025-07-02 15:17:55,880 - Config - WARNING - No data for GBPUSD TF:5
2025-07-02 15:17:55,880 - Config - WARNING - No data for GBPUSD TF:15
2025-07-02 15:17:55,880 - Config - WARNING - No data for GBPUSD TF:30
2025-07-02 15:18:00,914 - Config - WARNING - No data for XAUUSD TF:5
2025-07-02 15:18:00,914 - Config - WARNING - No data for XAUUSD TF:15
2025-07-02 15:18:00,914 - Config - WARNING - No data for XAUUSD TF:30
2025-07-02 15:18:00,921 - Config - WARNING - No data for BTCUSD TF:5
2025-07-02 15:18:00,921 - Config - WARNING - No data for BTCUSD TF:15
2025-07-02 15:18:00,921 - Config - WARNING - No data for BTCUSD TF:30
2025-07-02 15:18:00,921 - Config - WARNING - No data for US30 TF:5
2025-07-02 15:18:00,921 - Config - WARNING - No data for US30 TF:15
2025-07-02 15:18:00,921 - Config - WARNING - No data for US30 TF:30
2025-07-02 15:18:00,921 - Config - WARNING - No data for USDJPY TF:5
2025-07-02 15:18:00,921 - Config - WARNING - No data for USDJPY TF:15
2025-07-02 15:18:00,921 - Config - WARNING - No data for USDJPY TF:30
2025-07-02 15:18:00,921 - Config - WARNING - No data for GBPJPY TF:5
2025-07-02 15:18:00,937 - Config - WARNING - No data for GBPJPY TF:15
2025-07-02 15:18:00,937 - Config - WARNING - No data for GBPJPY TF:30
2025-07-02 15:18:00,937 - Config - WARNING - No data for EURGBP TF:5
2025-07-02 15:18:00,937 - Config - WARNING - No data for EURGBP TF:15
2025-07-02 15:18:00,937 - Config - WARNING - No data for EURGBP TF:30
2025-07-02 15:18:00,937 - Config - WARNING - No data for ETHUSD TF:5
2025-07-02 15:18:00,946 - Config - WARNING - No data for ETHUSD TF:15
2025-07-02 15:18:00,946 - Config - WARNING - No data for ETHUSD TF:30
2025-07-02 15:18:00,946 - Config - WARNING - No data for USOIL TF:5
2025-07-02 15:18:00,946 - Config - WARNING - No data for USOIL TF:15
2025-07-02 15:18:00,946 - Config - WARNING - No data for USOIL TF:30
2025-07-02 15:18:00,946 - Config - WARNING - No data for AUDJPY TF:5
2025-07-02 15:18:00,946 - Config - WARNING - No data for AUDJPY TF:15
2025-07-02 15:18:00,946 - Config - WARNING - No data for AUDJPY TF:30
2025-07-02 15:18:00,953 - Config - WARNING - No data for XAGUSD TF:5
2025-07-02 15:18:00,953 - Config - WARNING - No data for XAGUSD TF:15
2025-07-02 15:18:00,953 - Config - WARNING - No data for XAGUSD TF:30
2025-07-02 15:18:00,953 - Config - WARNING - No data for EURUSD TF:5
2025-07-02 15:18:00,953 - Config - WARNING - No data for EURUSD TF:15
2025-07-02 15:18:00,953 - Config - WARNING - No data for EURUSD TF:30
2025-07-02 15:18:00,953 - Config - WARNING - No data for GBPUSD TF:5
2025-07-02 15:18:00,953 - Config - WARNING - No data for GBPUSD TF:15
2025-07-02 15:18:00,953 - Config - WARNING - No data for GBPUSD TF:30
2025-07-02 15:18:05,992 - Config - WARNING - No data for XAUUSD TF:5
2025-07-02 15:18:05,992 - Config - WARNING - No data for XAUUSD TF:15
2025-07-02 15:18:05,992 - Config - WARNING - No data for XAUUSD TF:30
2025-07-02 15:18:05,994 - Config - WARNING - No data for BTCUSD TF:5
2025-07-02 15:18:05,994 - Config - WARNING - No data for BTCUSD TF:15
2025-07-02 15:18:05,996 - Config - WARNING - No data for BTCUSD TF:30
2025-07-02 15:18:05,996 - Config - WARNING - No data for US30 TF:5
2025-07-02 15:18:05,996 - Config - WARNING - No data for US30 TF:15
2025-07-02 15:18:05,998 - Config - WARNING - No data for US30 TF:30
2025-07-02 15:18:05,998 - Config - WARNING - No data for USDJPY TF:5
2025-07-02 15:18:06,000 - Config - WARNING - No data for USDJPY TF:15
2025-07-02 15:18:06,000 - Config - WARNING - No data for USDJPY TF:30
2025-07-02 15:18:06,000 - Config - WARNING - No data for GBPJPY TF:5
2025-07-02 15:18:06,002 - Config - WARNING - No data for GBPJPY TF:15
2025-07-02 15:18:06,002 - Config - WARNING - No data for GBPJPY TF:30
2025-07-02 15:18:06,002 - Config - WARNING - No data for EURGBP TF:5
2025-07-02 15:18:06,005 - Config - WARNING - No data for EURGBP TF:15
2025-07-02 15:18:06,005 - Config - WARNING - No data for EURGBP TF:30
2025-07-02 15:18:06,006 - Config - WARNING - No data for ETHUSD TF:5
2025-07-02 15:18:06,006 - Config - WARNING - No data for ETHUSD TF:15
2025-07-02 15:18:06,006 - Config - WARNING - No data for ETHUSD TF:30
2025-07-02 15:18:06,008 - Config - WARNING - No data for USOIL TF:5
2025-07-02 15:18:06,008 - Config - WARNING - No data for USOIL TF:15
2025-07-02 15:18:06,008 - Config - WARNING - No data for USOIL TF:30
2025-07-02 15:18:06,010 - Config - WARNING - No data for AUDJPY TF:5
2025-07-02 15:18:06,010 - Config - WARNING - No data for AUDJPY TF:15
2025-07-02 15:18:06,010 - Config - WARNING - No data for AUDJPY TF:30
2025-07-02 15:18:06,012 - Config - WARNING - No data for XAGUSD TF:5
2025-07-02 15:18:06,012 - Config - WARNING - No data for XAGUSD TF:15
2025-07-02 15:18:06,012 - Config - WARNING - No data for XAGUSD TF:30
2025-07-02 15:18:06,012 - Config - WARNING - No data for EURUSD TF:5
2025-07-02 15:18:06,014 - Config - WARNING - No data for EURUSD TF:15
2025-07-02 15:18:06,014 - Config - WARNING - No data for EURUSD TF:30
2025-07-02 15:18:06,016 - Config - WARNING - No data for GBPUSD TF:5
2025-07-02 15:18:06,016 - Config - WARNING - No data for GBPUSD TF:15
2025-07-02 15:18:06,016 - Config - WARNING - No data for GBPUSD TF:30
2025-07-02 15:18:11,052 - Config - WARNING - No data for XAUUSD TF:5
2025-07-02 15:18:11,052 - Config - WARNING - No data for XAUUSD TF:15
2025-07-02 15:18:11,052 - Config - WARNING - No data for XAUUSD TF:30
2025-07-02 15:18:11,052 - Config - WARNING - No data for BTCUSD TF:5
2025-07-02 15:18:11,052 - Config - WARNING - No data for BTCUSD TF:15
2025-07-02 15:18:11,052 - Config - WARNING - No data for BTCUSD TF:30
2025-07-02 15:18:11,052 - Config - WARNING - No data for US30 TF:5
2025-07-02 15:18:11,052 - Config - WARNING - No data for US30 TF:15
2025-07-02 15:18:11,052 - Config - WARNING - No data for US30 TF:30
2025-07-02 15:18:11,052 - Config - WARNING - No data for USDJPY TF:5
2025-07-02 15:18:11,052 - Config - WARNING - No data for USDJPY TF:15
2025-07-02 15:18:11,052 - Config - WARNING - No data for USDJPY TF:30
2025-07-02 15:18:11,052 - Config - WARNING - No data for GBPJPY TF:5
2025-07-02 15:18:11,052 - Config - WARNING - No data for GBPJPY TF:15
2025-07-02 15:18:11,060 - Config - WARNING - No data for GBPJPY TF:30
2025-07-02 15:18:11,060 - Config - WARNING - No data for EURGBP TF:5
2025-07-02 15:18:11,060 - Config - WARNING - No data for EURGBP TF:15
2025-07-02 15:18:11,060 - Config - WARNING - No data for EURGBP TF:30
2025-07-02 15:18:11,060 - Config - WARNING - No data for ETHUSD TF:5
2025-07-02 15:18:11,060 - Config - WARNING - No data for ETHUSD TF:15
2025-07-02 15:18:11,060 - Config - WARNING - No data for ETHUSD TF:30
2025-07-02 15:18:11,060 - Config - WARNING - No data for USOIL TF:5
2025-07-02 15:18:11,060 - Config - WARNING - No data for USOIL TF:15
2025-07-02 15:18:11,060 - Config - WARNING - No data for USOIL TF:30
2025-07-02 15:18:11,060 - Config - WARNING - No data for AUDJPY TF:5
2025-07-02 15:18:11,060 - Config - WARNING - No data for AUDJPY TF:15
2025-07-02 15:18:11,060 - Config - WARNING - No data for AUDJPY TF:30
2025-07-02 15:18:11,060 - Config - WARNING - No data for XAGUSD TF:5
2025-07-02 15:18:11,060 - Config - WARNING - No data for XAGUSD TF:15
2025-07-02 15:18:11,060 - Config - WARNING - No data for XAGUSD TF:30
2025-07-02 15:18:11,060 - Config - WARNING - No data for EURUSD TF:5
2025-07-02 15:18:11,069 - Config - WARNING - No data for EURUSD TF:15
2025-07-02 15:18:11,069 - Config - WARNING - No data for EURUSD TF:30
2025-07-02 15:18:11,069 - Config - WARNING - No data for GBPUSD TF:5
2025-07-02 15:18:11,069 - Config - WARNING - No data for GBPUSD TF:15
2025-07-02 15:18:11,069 - Config - WARNING - No data for GBPUSD TF:30
2025-07-02 15:18:16,101 - Config - WARNING - No data for XAUUSD TF:5
2025-07-02 15:18:16,101 - Config - WARNING - No data for XAUUSD TF:15
2025-07-02 15:18:16,101 - Config - WARNING - No data for XAUUSD TF:30
2025-07-02 15:18:16,101 - Config - WARNING - No data for BTCUSD TF:5
2025-07-02 15:18:16,101 - Config - WARNING - No data for BTCUSD TF:15
2025-07-02 15:18:16,101 - Config - WARNING - No data for BTCUSD TF:30
2025-07-02 15:18:16,101 - Config - WARNING - No data for US30 TF:5
2025-07-02 15:18:16,101 - Config - WARNING - No data for US30 TF:15
2025-07-02 15:18:16,101 - Config - WARNING - No data for US30 TF:30
2025-07-02 15:18:16,101 - Config - WARNING - No data for USDJPY TF:5
2025-07-02 15:18:16,101 - Config - WARNING - No data for USDJPY TF:15
2025-07-02 15:18:16,101 - Config - WARNING - No data for USDJPY TF:30
2025-07-02 15:18:16,101 - Config - WARNING - No data for GBPJPY TF:5
2025-07-02 15:18:16,109 - Config - WARNING - No data for GBPJPY TF:15
2025-07-02 15:18:16,109 - Config - WARNING - No data for GBPJPY TF:30
2025-07-02 15:18:16,109 - Config - WARNING - No data for EURGBP TF:5
2025-07-02 15:18:16,109 - Config - WARNING - No data for EURGBP TF:15
2025-07-02 15:18:16,109 - Config - WARNING - No data for EURGBP TF:30
2025-07-02 15:18:16,109 - Config - WARNING - No data for ETHUSD TF:5
2025-07-02 15:18:16,109 - Config - WARNING - No data for ETHUSD TF:15
2025-07-02 15:18:16,109 - Config - WARNING - No data for ETHUSD TF:30
2025-07-02 15:18:16,109 - Config - WARNING - No data for USOIL TF:5
2025-07-02 15:18:16,109 - Config - WARNING - No data for USOIL TF:15
2025-07-02 15:18:16,109 - Config - WARNING - No data for USOIL TF:30
2025-07-02 15:18:16,109 - Config - WARNING - No data for AUDJPY TF:5
2025-07-02 15:18:16,109 - Config - WARNING - No data for AUDJPY TF:15
2025-07-02 15:18:16,109 - Config - WARNING - No data for AUDJPY TF:30
2025-07-02 15:18:16,109 - Config - WARNING - No data for XAGUSD TF:5
2025-07-02 15:18:16,109 - Config - WARNING - No data for XAGUSD TF:15
2025-07-02 15:18:16,109 - Config - WARNING - No data for XAGUSD TF:30
2025-07-02 15:18:16,109 - Config - WARNING - No data for EURUSD TF:5
2025-07-02 15:18:16,109 - Config - WARNING - No data for EURUSD TF:15
2025-07-02 15:18:16,109 - Config - WARNING - No data for EURUSD TF:30
2025-07-02 15:18:16,109 - Config - WARNING - No data for GBPUSD TF:5
2025-07-02 15:18:16,109 - Config - WARNING - No data for GBPUSD TF:15
2025-07-02 15:18:16,109 - Config - WARNING - No data for GBPUSD TF:30
2025-07-02 15:18:21,147 - Config - WARNING - No data for XAUUSD TF:5
2025-07-02 15:18:21,147 - Config - WARNING - No data for XAUUSD TF:15
2025-07-02 15:18:21,147 - Config - WARNING - No data for XAUUSD TF:30
2025-07-02 15:18:21,147 - Config - WARNING - No data for BTCUSD TF:5
2025-07-02 15:18:21,147 - Config - WARNING - No data for BTCUSD TF:15
2025-07-02 15:18:21,147 - Config - WARNING - No data for BTCUSD TF:30
2025-07-02 15:18:21,147 - Config - WARNING - No data for US30 TF:5
2025-07-02 15:18:21,147 - Config - WARNING - No data for US30 TF:15
2025-07-02 15:18:21,147 - Config - WARNING - No data for US30 TF:30
2025-07-02 15:18:21,147 - Config - WARNING - No data for USDJPY TF:5
2025-07-02 15:18:21,147 - Config - WARNING - No data for USDJPY TF:15
2025-07-02 15:18:21,147 - Config - WARNING - No data for USDJPY TF:30
2025-07-02 15:18:21,147 - Config - WARNING - No data for GBPJPY TF:5
2025-07-02 15:18:21,147 - Config - WARNING - No data for GBPJPY TF:15
2025-07-02 15:18:21,147 - Config - WARNING - No data for GBPJPY TF:30
2025-07-02 15:18:21,160 - Config - WARNING - No data for EURGBP TF:5
2025-07-02 15:18:21,160 - Config - WARNING - No data for EURGBP TF:15
2025-07-02 15:18:21,160 - Config - WARNING - No data for EURGBP TF:30
2025-07-02 15:18:21,160 - Config - WARNING - No data for ETHUSD TF:5
2025-07-02 15:18:21,160 - Config - WARNING - No data for ETHUSD TF:15
2025-07-02 15:18:21,160 - Config - WARNING - No data for ETHUSD TF:30
2025-07-02 15:18:21,160 - Config - WARNING - No data for USOIL TF:5
2025-07-02 15:18:21,160 - Config - WARNING - No data for USOIL TF:15
2025-07-02 15:18:21,160 - Config - WARNING - No data for USOIL TF:30
2025-07-02 15:18:21,160 - Config - WARNING - No data for AUDJPY TF:5
2025-07-02 15:18:21,160 - Config - WARNING - No data for AUDJPY TF:15
2025-07-02 15:18:21,160 - Config - WARNING - No data for AUDJPY TF:30
2025-07-02 15:18:21,160 - Config - WARNING - No data for XAGUSD TF:5
2025-07-02 15:18:21,160 - Config - WARNING - No data for XAGUSD TF:15
2025-07-02 15:18:21,160 - Config - WARNING - No data for XAGUSD TF:30
2025-07-02 15:18:21,160 - Config - WARNING - No data for EURUSD TF:5
2025-07-02 15:18:21,160 - Config - WARNING - No data for EURUSD TF:15
2025-07-02 15:18:21,160 - Config - WARNING - No data for EURUSD TF:30
2025-07-02 15:18:21,160 - Config - WARNING - No data for GBPUSD TF:5
2025-07-02 15:18:21,160 - Config - WARNING - No data for GBPUSD TF:15
2025-07-02 15:18:21,160 - Config - WARNING - No data for GBPUSD TF:30
2025-07-02 15:18:26,197 - Config - WARNING - No data for XAUUSD TF:5
2025-07-02 15:18:26,197 - Config - WARNING - No data for XAUUSD TF:15
2025-07-02 15:18:26,200 - Config - WARNING - No data for XAUUSD TF:30
2025-07-02 15:18:26,200 - Config - WARNING - No data for BTCUSD TF:5
2025-07-02 15:18:26,200 - Config - WARNING - No data for BTCUSD TF:15
2025-07-02 15:18:26,200 - Config - WARNING - No data for BTCUSD TF:30
2025-07-02 15:18:26,200 - Config - WARNING - No data for US30 TF:5
2025-07-02 15:18:26,200 - Config - WARNING - No data for US30 TF:15
2025-07-02 15:18:26,200 - Config - WARNING - No data for US30 TF:30
2025-07-02 15:18:26,200 - Config - WARNING - No data for USDJPY TF:5
2025-07-02 15:18:26,200 - Config - WARNING - No data for USDJPY TF:15
2025-07-02 15:18:26,200 - Config - WARNING - No data for USDJPY TF:30
2025-07-02 15:18:26,200 - Config - WARNING - No data for GBPJPY TF:5
2025-07-02 15:18:26,200 - Config - WARNING - No data for GBPJPY TF:15
2025-07-02 15:18:26,200 - Config - WARNING - No data for GBPJPY TF:30
2025-07-02 15:18:26,200 - Config - WARNING - No data for EURGBP TF:5
2025-07-02 15:18:26,200 - Config - WARNING - No data for EURGBP TF:15
2025-07-02 15:18:26,200 - Config - WARNING - No data for EURGBP TF:30
2025-07-02 15:18:26,200 - Config - WARNING - No data for ETHUSD TF:5
2025-07-02 15:18:26,200 - Config - WARNING - No data for ETHUSD TF:15
2025-07-02 15:18:26,200 - Config - WARNING - No data for ETHUSD TF:30
2025-07-02 15:18:26,200 - Config - WARNING - No data for USOIL TF:5
2025-07-02 15:18:26,200 - Config - WARNING - No data for USOIL TF:15
2025-07-02 15:18:26,200 - Config - WARNING - No data for USOIL TF:30
2025-07-02 15:18:26,200 - Config - WARNING - No data for AUDJPY TF:5
2025-07-02 15:18:26,200 - Config - WARNING - No data for AUDJPY TF:15
2025-07-02 15:18:26,200 - Config - WARNING - No data for AUDJPY TF:30
2025-07-02 15:18:26,200 - Config - WARNING - No data for XAGUSD TF:5
2025-07-02 15:18:26,216 - Config - WARNING - No data for XAGUSD TF:15
2025-07-02 15:18:26,216 - Config - WARNING - No data for XAGUSD TF:30
2025-07-02 15:18:26,216 - Config - WARNING - No data for EURUSD TF:5
2025-07-02 15:18:26,216 - Config - WARNING - No data for EURUSD TF:15
2025-07-02 15:18:26,216 - Config - WARNING - No data for EURUSD TF:30
2025-07-02 15:18:26,216 - Config - WARNING - No data for GBPUSD TF:5
2025-07-02 15:18:26,216 - Config - WARNING - No data for GBPUSD TF:15
2025-07-02 15:18:26,216 - Config - WARNING - No data for GBPUSD TF:30
2025-07-02 15:18:31,241 - Config - WARNING - No data for XAUUSD TF:5
2025-07-02 15:18:31,241 - Config - WARNING - No data for XAUUSD TF:15
2025-07-02 15:18:31,241 - Config - WARNING - No data for XAUUSD TF:30
2025-07-02 15:18:31,241 - Config - WARNING - No data for BTCUSD TF:5
2025-07-02 15:18:31,241 - Config - WARNING - No data for BTCUSD TF:15
2025-07-02 15:18:31,241 - Config - WARNING - No data for BTCUSD TF:30
2025-07-02 15:18:31,241 - Config - WARNING - No data for US30 TF:5
2025-07-02 15:18:31,241 - Config - WARNING - No data for US30 TF:15
2025-07-02 15:18:31,241 - Config - WARNING - No data for US30 TF:30
2025-07-02 15:18:31,241 - Config - WARNING - No data for USDJPY TF:5
2025-07-02 15:18:31,241 - Config - WARNING - No data for USDJPY TF:15
2025-07-02 15:18:31,241 - Config - WARNING - No data for USDJPY TF:30
2025-07-02 15:18:31,241 - Config - WARNING - No data for GBPJPY TF:5
2025-07-02 15:18:31,241 - Config - WARNING - No data for GBPJPY TF:15
2025-07-02 15:18:31,241 - Config - WARNING - No data for GBPJPY TF:30
2025-07-02 15:18:31,241 - Config - WARNING - No data for EURGBP TF:5
2025-07-02 15:18:31,241 - Config - WARNING - No data for EURGBP TF:15
2025-07-02 15:18:31,241 - Config - WARNING - No data for EURGBP TF:30
2025-07-02 15:18:31,241 - Config - WARNING - No data for ETHUSD TF:5
2025-07-02 15:18:31,241 - Config - WARNING - No data for ETHUSD TF:15
2025-07-02 15:18:31,241 - Config - WARNING - No data for ETHUSD TF:30
2025-07-02 15:18:31,255 - Config - WARNING - No data for USOIL TF:5
2025-07-02 15:18:31,255 - Config - WARNING - No data for USOIL TF:15
2025-07-02 15:18:31,255 - Config - WARNING - No data for USOIL TF:30
2025-07-02 15:18:31,255 - Config - WARNING - No data for AUDJPY TF:5
2025-07-02 15:18:31,255 - Config - WARNING - No data for AUDJPY TF:15
2025-07-02 15:18:31,255 - Config - WARNING - No data for AUDJPY TF:30
2025-07-02 15:18:31,255 - Config - WARNING - No data for XAGUSD TF:5
2025-07-02 15:18:31,255 - Config - WARNING - No data for XAGUSD TF:15
2025-07-02 15:18:31,255 - Config - WARNING - No data for XAGUSD TF:30
2025-07-02 15:18:31,255 - Config - WARNING - No data for EURUSD TF:5
2025-07-02 15:18:31,255 - Config - WARNING - No data for EURUSD TF:15
2025-07-02 15:18:31,255 - Config - WARNING - No data for EURUSD TF:30
2025-07-02 15:18:31,255 - Config - WARNING - No data for GBPUSD TF:5
2025-07-02 15:18:31,255 - Config - WARNING - No data for GBPUSD TF:15
2025-07-02 15:18:31,255 - Config - WARNING - No data for GBPUSD TF:30
2025-07-02 15:18:36,287 - Config - WARNING - No data for XAUUSD TF:5
2025-07-02 15:18:36,287 - Config - WARNING - No data for XAUUSD TF:15
2025-07-02 15:18:36,287 - Config - WARNING - No data for XAUUSD TF:30
2025-07-02 15:18:36,287 - Config - WARNING - No data for BTCUSD TF:5
2025-07-02 15:18:36,287 - Config - WARNING - No data for BTCUSD TF:15
2025-07-02 15:18:36,287 - Config - WARNING - No data for BTCUSD TF:30
2025-07-02 15:18:36,287 - Config - WARNING - No data for US30 TF:5
2025-07-02 15:18:36,287 - Config - WARNING - No data for US30 TF:15
2025-07-02 15:18:36,287 - Config - WARNING - No data for US30 TF:30
2025-07-02 15:18:36,287 - Config - WARNING - No data for USDJPY TF:5
2025-07-02 15:18:36,287 - Config - WARNING - No data for USDJPY TF:15
2025-07-02 15:18:36,287 - Config - WARNING - No data for USDJPY TF:30
2025-07-02 15:18:36,293 - Config - WARNING - No data for GBPJPY TF:5
2025-07-02 15:18:36,293 - Config - WARNING - No data for GBPJPY TF:15
2025-07-02 15:18:36,293 - Config - WARNING - No data for GBPJPY TF:30
2025-07-02 15:18:36,294 - Config - WARNING - No data for EURGBP TF:5
2025-07-02 15:18:36,294 - Config - WARNING - No data for EURGBP TF:15
2025-07-02 15:18:36,294 - Config - WARNING - No data for EURGBP TF:30
2025-07-02 15:18:36,294 - Config - WARNING - No data for ETHUSD TF:5
2025-07-02 15:18:36,295 - Config - WARNING - No data for ETHUSD TF:15
2025-07-02 15:18:36,295 - Config - WARNING - No data for ETHUSD TF:30
2025-07-02 15:18:36,296 - Config - WARNING - No data for USOIL TF:5
2025-07-02 15:18:36,296 - Config - WARNING - No data for USOIL TF:15
2025-07-02 15:18:36,297 - Config - WARNING - No data for USOIL TF:30
2025-07-02 15:18:36,297 - Config - WARNING - No data for AUDJPY TF:5
2025-07-02 15:18:36,298 - Config - WARNING - No data for AUDJPY TF:15
2025-07-02 15:18:36,298 - Config - WARNING - No data for AUDJPY TF:30
2025-07-02 15:18:36,298 - Config - WARNING - No data for XAGUSD TF:5
2025-07-02 15:18:36,298 - Config - WARNING - No data for XAGUSD TF:15
2025-07-02 15:18:36,298 - Config - WARNING - No data for XAGUSD TF:30
2025-07-02 15:18:36,298 - Config - WARNING - No data for EURUSD TF:5
2025-07-02 15:18:36,298 - Config - WARNING - No data for EURUSD TF:15
2025-07-02 15:18:36,298 - Config - WARNING - No data for EURUSD TF:30
2025-07-02 15:18:36,298 - Config - WARNING - No data for GBPUSD TF:5
2025-07-02 15:18:36,298 - Config - WARNING - No data for GBPUSD TF:15
2025-07-02 15:18:36,298 - Config - WARNING - No data for GBPUSD TF:30
2025-07-02 15:18:41,333 - Config - WARNING - No data for XAUUSD TF:5
2025-07-02 15:18:41,333 - Config - WARNING - No data for XAUUSD TF:15
2025-07-02 15:18:41,335 - Config - WARNING - No data for XAUUSD TF:30
2025-07-02 15:18:41,335 - Config - WARNING - No data for BTCUSD TF:5
2025-07-02 15:18:41,335 - Config - WARNING - No data for BTCUSD TF:15
2025-07-02 15:18:41,335 - Config - WARNING - No data for BTCUSD TF:30
2025-07-02 15:18:41,337 - Config - WARNING - No data for US30 TF:5
2025-07-02 15:18:41,337 - Config - WARNING - No data for US30 TF:15
2025-07-02 15:18:41,337 - Config - WARNING - No data for US30 TF:30
2025-07-02 15:18:41,337 - Config - WARNING - No data for USDJPY TF:5
2025-07-02 15:18:41,337 - Config - WARNING - No data for USDJPY TF:15
2025-07-02 15:18:41,339 - Config - WARNING - No data for USDJPY TF:30
2025-07-02 15:18:41,339 - Config - WARNING - No data for GBPJPY TF:5
2025-07-02 15:18:41,339 - Config - WARNING - No data for GBPJPY TF:15
2025-07-02 15:18:41,339 - Config - WARNING - No data for GBPJPY TF:30
2025-07-02 15:18:41,341 - Config - WARNING - No data for EURGBP TF:5
2025-07-02 15:18:41,341 - Config - WARNING - No data for EURGBP TF:15
2025-07-02 15:18:41,342 - Config - WARNING - No data for EURGBP TF:30
2025-07-02 15:18:41,342 - Config - WARNING - No data for ETHUSD TF:5
2025-07-02 15:18:41,342 - Config - WARNING - No data for ETHUSD TF:15
2025-07-02 15:18:41,343 - Config - WARNING - No data for ETHUSD TF:30
2025-07-02 15:18:41,343 - Config - WARNING - No data for USOIL TF:5
2025-07-02 15:18:41,343 - Config - WARNING - No data for USOIL TF:15
2025-07-02 15:18:41,344 - Config - WARNING - No data for USOIL TF:30
2025-07-02 15:18:41,344 - Config - WARNING - No data for AUDJPY TF:5
2025-07-02 15:18:41,344 - Config - WARNING - No data for AUDJPY TF:15
2025-07-02 15:18:41,344 - Config - WARNING - No data for AUDJPY TF:30
2025-07-02 15:18:41,345 - Config - WARNING - No data for XAGUSD TF:5
2025-07-02 15:18:41,345 - Config - WARNING - No data for XAGUSD TF:15
2025-07-02 15:18:41,346 - Config - WARNING - No data for XAGUSD TF:30
2025-07-02 15:18:41,346 - Config - WARNING - No data for EURUSD TF:5
2025-07-02 15:18:41,347 - Config - WARNING - No data for EURUSD TF:15
2025-07-02 15:18:41,347 - Config - WARNING - No data for EURUSD TF:30
2025-07-02 15:18:41,348 - Config - WARNING - No data for GBPUSD TF:5
2025-07-02 15:18:41,348 - Config - WARNING - No data for GBPUSD TF:15
2025-07-02 15:18:41,349 - Config - WARNING - No data for GBPUSD TF:30
2025-07-02 15:18:46,374 - Config - WARNING - No data for XAUUSD TF:5
2025-07-02 15:18:46,374 - Config - WARNING - No data for XAUUSD TF:15
2025-07-02 15:18:46,375 - Config - WARNING - No data for XAUUSD TF:30
2025-07-02 15:18:46,376 - Config - WARNING - No data for BTCUSD TF:5
2025-07-02 15:18:46,376 - Config - WARNING - No data for BTCUSD TF:15
2025-07-02 15:18:46,376 - Config - WARNING - No data for BTCUSD TF:30
2025-07-02 15:18:46,376 - Config - WARNING - No data for US30 TF:5
2025-07-02 15:18:46,376 - Config - WARNING - No data for US30 TF:15
2025-07-02 15:18:46,376 - Config - WARNING - No data for US30 TF:30
2025-07-02 15:18:46,380 - Config - WARNING - No data for USDJPY TF:5
2025-07-02 15:18:46,380 - Config - WARNING - No data for USDJPY TF:15
2025-07-02 15:18:46,381 - Config - WARNING - No data for USDJPY TF:30
2025-07-02 15:18:46,382 - Config - WARNING - No data for GBPJPY TF:5
2025-07-02 15:18:46,383 - Config - WARNING - No data for GBPJPY TF:15
2025-07-02 15:18:46,383 - Config - WARNING - No data for GBPJPY TF:30
2025-07-02 15:18:46,384 - Config - WARNING - No data for EURGBP TF:5
2025-07-02 15:18:46,384 - Config - WARNING - No data for EURGBP TF:15
2025-07-02 15:18:46,385 - Config - WARNING - No data for EURGBP TF:30
2025-07-02 15:18:46,385 - Config - WARNING - No data for ETHUSD TF:5
2025-07-02 15:18:46,386 - Config - WARNING - No data for ETHUSD TF:15
2025-07-02 15:18:46,387 - Config - WARNING - No data for ETHUSD TF:30
2025-07-02 15:18:46,388 - Config - WARNING - No data for USOIL TF:5
2025-07-02 15:18:46,389 - Config - WARNING - No data for USOIL TF:15
2025-07-02 15:18:46,389 - Config - WARNING - No data for USOIL TF:30
2025-07-02 15:18:46,390 - Config - WARNING - No data for AUDJPY TF:5
2025-07-02 15:18:46,391 - Config - WARNING - No data for AUDJPY TF:15
2025-07-02 15:18:46,392 - Config - WARNING - No data for AUDJPY TF:30
2025-07-02 15:18:46,392 - Config - WARNING - No data for XAGUSD TF:5
2025-07-02 15:18:46,393 - Config - WARNING - No data for XAGUSD TF:15
2025-07-02 15:18:46,393 - Config - WARNING - No data for XAGUSD TF:30
2025-07-02 15:18:46,394 - Config - WARNING - No data for EURUSD TF:5
2025-07-02 15:18:46,395 - Config - WARNING - No data for EURUSD TF:15
2025-07-02 15:18:46,395 - Config - WARNING - No data for EURUSD TF:30
2025-07-02 15:18:46,397 - Config - WARNING - No data for GBPUSD TF:5
2025-07-02 15:18:46,397 - Config - WARNING - No data for GBPUSD TF:15
2025-07-02 15:18:46,397 - Config - WARNING - No data for GBPUSD TF:30
2025-07-02 15:18:51,417 - Config - WARNING - No data for XAUUSD TF:5
2025-07-02 15:18:51,418 - Config - WARNING - No data for XAUUSD TF:15
2025-07-02 15:18:51,419 - Config - WARNING - No data for XAUUSD TF:30
2025-07-02 15:18:51,419 - Config - WARNING - No data for BTCUSD TF:5
2025-07-02 15:18:51,419 - Config - WARNING - No data for BTCUSD TF:15
2025-07-02 15:18:51,420 - Config - WARNING - No data for BTCUSD TF:30
2025-07-02 15:18:51,421 - Config - WARNING - No data for US30 TF:5
2025-07-02 15:18:51,421 - Config - WARNING - No data for US30 TF:15
2025-07-02 15:18:51,421 - Config - WARNING - No data for US30 TF:30
2025-07-02 15:18:51,421 - Config - WARNING - No data for USDJPY TF:5
2025-07-02 15:18:51,424 - Config - WARNING - No data for USDJPY TF:15
2025-07-02 15:18:51,424 - Config - WARNING - No data for USDJPY TF:30
2025-07-02 15:18:51,425 - Config - WARNING - No data for GBPJPY TF:5
2025-07-02 15:18:51,425 - Config - WARNING - No data for GBPJPY TF:15
2025-07-02 15:18:51,426 - Config - WARNING - No data for GBPJPY TF:30
2025-07-02 15:18:51,427 - Config - WARNING - No data for EURGBP TF:5
2025-07-02 15:18:51,427 - Config - WARNING - No data for EURGBP TF:15
2025-07-02 15:18:51,428 - Config - WARNING - No data for EURGBP TF:30
2025-07-02 15:18:51,428 - Config - WARNING - No data for ETHUSD TF:5
2025-07-02 15:18:51,429 - Config - WARNING - No data for ETHUSD TF:15
2025-07-02 15:18:51,429 - Config - WARNING - No data for ETHUSD TF:30
2025-07-02 15:18:51,430 - Config - WARNING - No data for USOIL TF:5
2025-07-02 15:18:51,431 - Config - WARNING - No data for USOIL TF:15
2025-07-02 15:18:51,431 - Config - WARNING - No data for USOIL TF:30
2025-07-02 15:18:51,432 - Config - WARNING - No data for AUDJPY TF:5
2025-07-02 15:18:51,432 - Config - WARNING - No data for AUDJPY TF:15
2025-07-02 15:18:51,433 - Config - WARNING - No data for AUDJPY TF:30
2025-07-02 15:18:51,434 - Config - WARNING - No data for XAGUSD TF:5
2025-07-02 15:18:51,435 - Config - WARNING - No data for XAGUSD TF:15
2025-07-02 15:18:51,436 - Config - WARNING - No data for XAGUSD TF:30
2025-07-02 15:18:51,436 - Config - WARNING - No data for EURUSD TF:5
2025-07-02 15:18:51,437 - Config - WARNING - No data for EURUSD TF:15
2025-07-02 15:18:51,438 - Config - WARNING - No data for EURUSD TF:30
2025-07-02 15:18:51,438 - Config - WARNING - No data for GBPUSD TF:5
2025-07-02 15:18:51,439 - Config - WARNING - No data for GBPUSD TF:15
2025-07-02 15:18:51,440 - Config - WARNING - No data for GBPUSD TF:30
2025-07-02 15:18:55,811 - TradingEngine - INFO - Shutting down gracefully...
2025-07-02 15:18:55,812 - TradingEngine - INFO - Shutdown complete
2025-07-02 15:46:15,035 - Config - INFO - Configuration validated successfully
2025-07-02 15:46:15,035 - Main - INFO - Starting Xtley 001 Gap Trading System
2025-07-02 15:46:15,035 - Main - INFO - Initializing trading engine
2025-07-02 15:46:15,035 - TradingEngine - INFO - Initializing trading engine
2025-07-02 15:46:15,035 - TradingEngine - ERROR - MT5 initialization error: module 'MetaTrader5' has no attribute 'initialized'
Traceback (most recent call last):
  File "C:\Users\HP\Desktop\Mean Reversion Prop Firm EA\engine.py", line 79, in initialize_mt5
    if mt5.initialized():
       ^^^^^^^^^^^^^^^
AttributeError: module 'MetaTrader5' has no attribute 'initialized'. Did you mean: 'initialize'?
2025-07-02 15:46:15,053 - TradingEngine - ERROR - MT5 initialization failed
2025-07-02 15:46:15,053 - Main - INFO - Trading engine initialized successfully
2025-07-02 15:46:15,053 - TradingEngine - INFO - Starting trading engine...
2025-07-02 15:46:15,054 - Main - ERROR - Fatal error in trading system
Traceback (most recent call last):
  File "C:\Users\HP\Desktop\Mean Reversion Prop Firm EA\main.py", line 28, in main
    engine.run()
  File "C:\Users\HP\Desktop\Mean Reversion Prop Firm EA\engine.py", line 186, in run
    while self.running:
          ^^^^^^^^^^^^
AttributeError: 'TradingEngine' object has no attribute 'running'
2025-07-02 15:46:15,056 - Main - INFO - Trading system shutdown complete
2025-07-02 15:46:30,922 - Config - INFO - Configuration validated successfully
2025-07-02 15:46:30,926 - TradingEngine - INFO - Initializing trading engine
2025-07-02 15:46:30,926 - TradingEngine - ERROR - MT5 initialization error: module 'MetaTrader5' has no attribute 'initialized'
Traceback (most recent call last):
  File "C:\Users\HP\Desktop\Mean Reversion Prop Firm EA\engine.py", line 79, in initialize_mt5
    if mt5.initialized():
       ^^^^^^^^^^^^^^^
AttributeError: module 'MetaTrader5' has no attribute 'initialized'. Did you mean: 'initialize'?
2025-07-02 15:46:30,926 - TradingEngine - ERROR - MT5 initialization failed
2025-07-02 15:46:30,926 - TradingEngine - INFO - Starting trading engine...
2025-07-02 15:46:30,926 - TradingEngine - ERROR - Fatal error in main loop
Traceback (most recent call last):
  File "C:\Users\HP\Desktop\Mean Reversion Prop Firm EA\engine.py", line 630, in <module>
    engine.run()
  File "C:\Users\HP\Desktop\Mean Reversion Prop Firm EA\engine.py", line 186, in run
    while self.running:
          ^^^^^^^^^^^^
AttributeError: 'TradingEngine' object has no attribute 'running'
2025-07-03 05:52:45,242 - Config - INFO - Configuration validated successfully
2025-07-03 05:52:45,242 - Main - INFO - Starting Xtley 001 Gap Trading System
2025-07-03 05:52:45,242 - Main - INFO - Initializing trading engine
2025-07-03 05:52:45,242 - TradingEngine - INFO - Initializing trading engine
2025-07-03 05:52:47,256 - TradingEngine - INFO - Connecting to Exness-MT5Trial9 as account 210526728
2025-07-03 05:52:56,997 - TradingEngine - INFO - Connected to Exness-MT5Trial9 as account 210526728
2025-07-03 05:52:57,002 - TradingEngine - INFO - Preloading symbol data...
2025-07-03 05:52:57,766 - TradingEngine - INFO - Preloaded data for XAUUSD TF:5
2025-07-03 05:52:57,779 - TradingEngine - INFO - Preloaded data for XAUUSD TF:15
2025-07-03 05:52:57,798 - TradingEngine - INFO - Preloaded data for XAUUSD TF:30
2025-07-03 05:52:59,459 - TradingEngine - INFO - Preloaded data for BTCUSD TF:5
2025-07-03 05:52:59,476 - TradingEngine - INFO - Preloaded data for BTCUSD TF:15
2025-07-03 05:52:59,491 - TradingEngine - INFO - Preloaded data for BTCUSD TF:30
2025-07-03 05:53:00,066 - TradingEngine - INFO - Preloaded data for US30 TF:5
2025-07-03 05:53:00,082 - TradingEngine - INFO - Preloaded data for US30 TF:15
2025-07-03 05:53:00,097 - TradingEngine - INFO - Preloaded data for US30 TF:30
2025-07-03 05:53:00,273 - TradingEngine - INFO - Preloaded data for USDJPY TF:5
2025-07-03 05:53:00,321 - TradingEngine - INFO - Preloaded data for USDJPY TF:15
2025-07-03 05:53:00,369 - TradingEngine - INFO - Preloaded data for USDJPY TF:30
2025-07-03 05:53:02,122 - TradingEngine - INFO - Preloaded data for GBPJPY TF:5
2025-07-03 05:53:02,138 - TradingEngine - INFO - Preloaded data for GBPJPY TF:15
2025-07-03 05:53:02,169 - TradingEngine - INFO - Preloaded data for GBPJPY TF:30
2025-07-03 05:53:04,403 - TradingEngine - INFO - Preloaded data for EURGBP TF:5
2025-07-03 05:53:04,420 - TradingEngine - INFO - Preloaded data for EURGBP TF:15
2025-07-03 05:53:04,436 - TradingEngine - INFO - Preloaded data for EURGBP TF:30
2025-07-03 05:53:05,685 - TradingEngine - INFO - Preloaded data for ETHUSD TF:5
2025-07-03 05:53:05,702 - TradingEngine - INFO - Preloaded data for ETHUSD TF:15
2025-07-03 05:53:05,717 - TradingEngine - INFO - Preloaded data for ETHUSD TF:30
2025-07-03 05:53:06,185 - TradingEngine - INFO - Preloaded data for USOIL TF:5
2025-07-03 05:53:06,200 - TradingEngine - INFO - Preloaded data for USOIL TF:15
2025-07-03 05:53:06,216 - TradingEngine - INFO - Preloaded data for USOIL TF:30
2025-07-03 05:53:06,799 - TradingEngine - INFO - Preloaded data for AUDJPY TF:5
2025-07-03 05:53:06,815 - TradingEngine - INFO - Preloaded data for AUDJPY TF:15
2025-07-03 05:53:06,831 - TradingEngine - INFO - Preloaded data for AUDJPY TF:30
2025-07-03 05:53:08,461 - TradingEngine - INFO - Preloaded data for XAGUSD TF:5
2025-07-03 05:53:08,476 - TradingEngine - INFO - Preloaded data for XAGUSD TF:15
2025-07-03 05:53:08,492 - TradingEngine - INFO - Preloaded data for XAGUSD TF:30
2025-07-03 05:53:08,652 - TradingEngine - INFO - Preloaded data for EURUSD TF:5
2025-07-03 05:53:08,699 - TradingEngine - INFO - Preloaded data for EURUSD TF:15
2025-07-03 05:53:08,747 - TradingEngine - INFO - Preloaded data for EURUSD TF:30
2025-07-03 05:53:08,890 - TradingEngine - INFO - Preloaded data for GBPUSD TF:5
2025-07-03 05:53:08,938 - TradingEngine - INFO - Preloaded data for GBPUSD TF:15
2025-07-03 05:53:08,986 - TradingEngine - INFO - Preloaded data for GBPUSD TF:30
2025-07-03 05:53:08,987 - Main - INFO - Trading engine initialized successfully
2025-07-03 05:53:08,987 - TradingEngine - INFO - Starting trading engine...
2025-07-03 05:53:17,086 - TradingEngine - INFO - New trading day: 2025-07-03
2025-07-03 05:53:18,741 - TradingEngine - INFO - SELL LIMIT placed on ETHUSD TF:15 Lots:200.0 Magic:16010
2025-07-03 05:53:19,367 - TradingEngine - INFO - SELL LIMIT placed on USOIL TF:15 Lots:0.43 Magic:17010
2025-07-03 05:53:21,096 - TradingEngine - WARNING - Order failed: Xtley 001 Gap EA
2025-07-03 05:54:11,628 - TradingEngine - WARNING - Order failed: Xtley 001 Gap EA
2025-07-03 05:54:16,729 - TradingEngine - INFO - SELL LIMIT placed on BTCUSD TF:5 Lots:34.99 Magic:11000
2025-07-03 05:55:02,049 - TradingEngine - INFO - SELL LIMIT placed on BTCUSD TF:5 Lots:42.28 Magic:11000
2025-07-03 05:55:02,900 - TradingEngine - INFO - SELL LIMIT placed on ETHUSD TF:5 Lots:200.0 Magic:16000
2025-07-03 06:00:05,161 - TradingEngine - INFO - SELL LIMIT placed on BTCUSD TF:30 Lots:13.1 Magic:11020
2025-07-03 06:00:06,558 - TradingEngine - INFO - SELL LIMIT placed on EURUSD TF:30 Lots:0.64 Magic:20020
2025-07-03 06:00:14,522 - TradingEngine - WARNING - Max drawdown reached: 10.503309089875291%
2025-07-03 06:00:19,558 - TradingEngine - WARNING - Max drawdown reached: 10.660259256971832%
2025-07-03 06:00:24,600 - TradingEngine - WARNING - Max drawdown reached: 13.601040713912486%
2025-07-03 06:00:29,636 - TradingEngine - WARNING - Max drawdown reached: 11.52029911702051%
2025-07-03 06:00:34,675 - TradingEngine - WARNING - Max drawdown reached: 10.676336600759374%
2025-07-03 06:00:39,714 - TradingEngine - WARNING - Max drawdown reached: 10.738685324228067%
2025-07-03 06:00:44,748 - TradingEngine - WARNING - Max drawdown reached: 12.047224256398339%
2025-07-03 06:00:49,780 - TradingEngine - WARNING - Max drawdown reached: 11.754008797444092%
2025-07-03 06:00:54,813 - TradingEngine - WARNING - Max drawdown reached: 12.7080619056162%
2025-07-03 06:00:59,848 - TradingEngine - WARNING - Max drawdown reached: 11.081897401058166%
2025-07-03 06:01:15,015 - TradingEngine - WARNING - Max drawdown reached: 10.495172385397456%
2025-07-03 06:01:20,051 - TradingEngine - WARNING - Max drawdown reached: 10.620458027839298%
2025-07-03 06:01:50,313 - TradingEngine - WARNING - Max drawdown reached: 11.058859743801644%
2025-07-03 06:01:55,349 - TradingEngine - WARNING - Max drawdown reached: 10.702805398458342%
2025-07-03 06:02:00,409 - TradingEngine - WARNING - Max drawdown reached: 12.84305277388098%
2025-07-03 06:02:05,449 - TradingEngine - WARNING - Max drawdown reached: 11.851845316346258%
2025-07-03 06:02:10,482 - TradingEngine - WARNING - Max drawdown reached: 11.582157677568878%
2025-07-03 06:02:15,523 - TradingEngine - WARNING - Max drawdown reached: 11.985071598097788%
2025-07-03 06:02:20,557 - TradingEngine - WARNING - Max drawdown reached: 12.318284351352712%
2025-07-03 06:02:25,591 - TradingEngine - WARNING - Max drawdown reached: 14.903403593286335%
2025-07-03 06:02:30,630 - TradingEngine - WARNING - Max drawdown reached: 14.897521638242115%
2025-07-03 06:02:35,670 - TradingEngine - WARNING - Max drawdown reached: 18.19916103714553%
2025-07-03 06:02:40,709 - TradingEngine - WARNING - Max drawdown reached: 18.29346838302116%
2025-07-03 06:02:45,739 - TradingEngine - WARNING - Max drawdown reached: 18.19327908210131%
2025-07-03 06:02:50,779 - TradingEngine - WARNING - Max drawdown reached: 17.74203509762576%
2025-07-03 06:02:55,814 - TradingEngine - WARNING - Max drawdown reached: 20.078935836693404%
2025-07-03 06:03:00,850 - TradingEngine - WARNING - Max drawdown reached: 18.206317415782657%
2025-07-03 06:03:05,891 - TradingEngine - WARNING - Max drawdown reached: 18.149850647358168%
2025-07-03 06:03:10,928 - TradingEngine - WARNING - Max drawdown reached: 22.388093354469163%
2025-07-03 06:03:15,978 - TradingEngine - WARNING - Max drawdown reached: 21.631575903198712%
2025-07-03 06:03:21,012 - TradingEngine - WARNING - Max drawdown reached: 14.727337072296098%
2025-07-03 06:03:26,045 - TradingEngine - WARNING - Max drawdown reached: 15.54169374816802%
2025-07-03 06:03:31,075 - TradingEngine - WARNING - Max drawdown reached: 14.660576882544232%
2025-07-03 06:03:36,116 - TradingEngine - WARNING - Max drawdown reached: 12.629243708023678%
2025-07-03 06:03:41,145 - TradingEngine - WARNING - Max drawdown reached: 12.123297541636887%
2025-07-03 06:03:46,185 - TradingEngine - WARNING - Max drawdown reached: 15.755208716273126%
2025-07-03 06:03:51,226 - TradingEngine - WARNING - Max drawdown reached: 13.998954972653808%
2025-07-03 06:03:56,263 - TradingEngine - WARNING - Max drawdown reached: 16.389283470039768%
2025-07-03 06:04:01,305 - TradingEngine - WARNING - Max drawdown reached: 16.271056173651%
2025-07-03 06:04:06,338 - TradingEngine - WARNING - Max drawdown reached: 14.873111524808614%
2025-07-03 06:04:11,373 - TradingEngine - WARNING - Max drawdown reached: 15.841967553175321%
2025-07-03 06:04:16,400 - TradingEngine - WARNING - Max drawdown reached: 28.262892020049623%
2025-07-03 06:04:21,420 - TradingEngine - WARNING - Max drawdown reached: 25.399164174188222%
2025-07-03 06:04:26,453 - TradingEngine - WARNING - Max drawdown reached: 26.593495145916602%
2025-07-03 06:04:31,496 - TradingEngine - WARNING - Max drawdown reached: 26.878377835224875%
2025-07-03 06:04:36,530 - TradingEngine - WARNING - Max drawdown reached: 26.857790992570113%
2025-07-03 06:04:41,566 - TradingEngine - WARNING - Max drawdown reached: 28.126724760775996%
2025-07-03 06:04:46,601 - TradingEngine - WARNING - Max drawdown reached: 27.96820607233433%
2025-07-03 06:04:51,643 - TradingEngine - WARNING - Max drawdown reached: 26.099410922202328%
2025-07-03 06:04:56,681 - TradingEngine - WARNING - Max drawdown reached: 26.789070151136833%
2025-07-03 06:05:01,714 - TradingEngine - WARNING - Max drawdown reached: 26.13078134910482%
2025-07-03 06:05:06,762 - TradingEngine - WARNING - Max drawdown reached: 25.186531499339754%
2025-07-03 06:05:11,797 - TradingEngine - WARNING - Max drawdown reached: 24.981643398632837%
2025-07-03 06:05:16,835 - TradingEngine - WARNING - Max drawdown reached: 24.794009032722304%
2025-07-03 06:05:21,870 - TradingEngine - WARNING - Max drawdown reached: 24.78077463387281%
2025-07-03 06:05:26,907 - TradingEngine - WARNING - Max drawdown reached: 24.7065639677316%
2025-07-03 06:05:31,954 - TradingEngine - WARNING - Max drawdown reached: 25.18515904316277%
2025-07-03 06:05:36,987 - TradingEngine - WARNING - Max drawdown reached: 25.139867989322294%
2025-07-03 06:05:38,040 - TradingEngine - INFO - Shutting down gracefully...
2025-07-03 06:05:38,043 - TradingEngine - INFO - Shutdown complete
2025-07-03 06:05:38,098 - Main - INFO - Trading system shutdown complete
2025-07-03 08:32:36,137 - Config - INFO - Configuration validated successfully
2025-07-03 08:32:36,160 - Main - INFO - Starting Xtley 001 Gap Trading System
2025-07-03 08:32:36,160 - Main - INFO - Initializing trading engine
2025-07-03 08:32:36,162 - TradingEngine - INFO - Initializing trading engine
2025-07-03 08:32:38,162 - TradingEngine - INFO - Connecting to Exness-MT5Trial9 as account 210526728
2025-07-03 08:32:42,277 - TradingEngine - INFO - Connected to Exness-MT5Trial9 as account 210526728
2025-07-03 08:32:42,277 - TradingEngine - INFO - Preloading symbol data...
2025-07-03 08:32:42,307 - TradingEngine - INFO - Preloaded data for XAUUSD TF:5
2025-07-03 08:32:42,322 - TradingEngine - INFO - Preloaded data for XAUUSD TF:15
2025-07-03 08:32:42,335 - TradingEngine - INFO - Preloaded data for XAUUSD TF:30
2025-07-03 08:32:42,359 - TradingEngine - INFO - Preloaded data for BTCUSD TF:5
2025-07-03 08:32:42,374 - TradingEngine - INFO - Preloaded data for BTCUSD TF:15
2025-07-03 08:32:42,390 - TradingEngine - INFO - Preloaded data for BTCUSD TF:30
2025-07-03 08:32:42,416 - TradingEngine - INFO - Preloaded data for US30 TF:5
2025-07-03 08:32:42,429 - TradingEngine - INFO - Preloaded data for US30 TF:15
2025-07-03 08:32:42,446 - TradingEngine - INFO - Preloaded data for US30 TF:30
2025-07-03 08:32:42,493 - TradingEngine - INFO - Preloaded data for USDJPY TF:5
2025-07-03 08:32:42,504 - TradingEngine - INFO - Preloaded data for USDJPY TF:15
2025-07-03 08:32:42,520 - TradingEngine - INFO - Preloaded data for USDJPY TF:30
2025-07-03 08:32:42,542 - TradingEngine - INFO - Preloaded data for GBPJPY TF:5
2025-07-03 08:32:42,555 - TradingEngine - INFO - Preloaded data for GBPJPY TF:15
2025-07-03 08:32:42,566 - TradingEngine - INFO - Preloaded data for GBPJPY TF:30
2025-07-03 08:32:42,611 - TradingEngine - INFO - Preloaded data for EURGBP TF:5
2025-07-03 08:32:42,624 - TradingEngine - INFO - Preloaded data for EURGBP TF:15
2025-07-03 08:32:42,639 - TradingEngine - INFO - Preloaded data for EURGBP TF:30
2025-07-03 08:32:42,651 - TradingEngine - INFO - Preloaded data for ETHUSD TF:5
2025-07-03 08:32:42,663 - TradingEngine - INFO - Preloaded data for ETHUSD TF:15
2025-07-03 08:32:42,674 - TradingEngine - INFO - Preloaded data for ETHUSD TF:30
2025-07-03 08:32:42,700 - TradingEngine - INFO - Preloaded data for USOIL TF:5
2025-07-03 08:32:42,715 - TradingEngine - INFO - Preloaded data for USOIL TF:15
2025-07-03 08:32:42,731 - TradingEngine - INFO - Preloaded data for USOIL TF:30
2025-07-03 08:32:42,754 - TradingEngine - INFO - Preloaded data for AUDJPY TF:5
2025-07-03 08:32:42,765 - TradingEngine - INFO - Preloaded data for AUDJPY TF:15
2025-07-03 08:32:42,781 - TradingEngine - INFO - Preloaded data for AUDJPY TF:30
2025-07-03 08:32:42,806 - TradingEngine - INFO - Preloaded data for XAGUSD TF:5
2025-07-03 08:32:42,819 - TradingEngine - INFO - Preloaded data for XAGUSD TF:15
2025-07-03 08:32:42,833 - TradingEngine - INFO - Preloaded data for XAGUSD TF:30
2025-07-03 08:32:42,899 - TradingEngine - INFO - Preloaded data for EURUSD TF:5
2025-07-03 08:32:42,911 - TradingEngine - INFO - Preloaded data for EURUSD TF:15
2025-07-03 08:32:42,922 - TradingEngine - INFO - Preloaded data for EURUSD TF:30
2025-07-03 08:32:42,963 - TradingEngine - INFO - Preloaded data for GBPUSD TF:5
2025-07-03 08:32:42,974 - TradingEngine - INFO - Preloaded data for GBPUSD TF:15
2025-07-03 08:32:43,006 - TradingEngine - INFO - Preloaded data for GBPUSD TF:30
2025-07-03 08:32:43,008 - Main - INFO - Trading engine initialized successfully
2025-07-03 08:32:43,009 - TradingEngine - INFO - Starting trading engine...
2025-07-03 08:32:43,924 - TradingEngine - INFO - New trading day: 2025-07-03
2025-07-03 08:47:52,880 - TradingEngine - INFO - Shutting down gracefully...
2025-07-03 08:47:52,880 - TradingEngine - INFO - Shutdown complete
2025-07-03 08:47:52,896 - Main - INFO - Trading system shutdown complete
